2023-09-30T11:15:36.7575195+03:30 [INF] () Shut down complete
2023-09-30T11:16:02.9477368+03:30 [INF] () Shut down complete
2023-09-30T11:16:18.2366882+03:30 [INF] () Shut down complete
2023-09-30T18:40:39.2241738+03:30 [INF] () Shut down complete
2023-09-30T18:42:44.9420632+03:30 [INF] () Shut down complete
2023-09-30T18:44:50.3828025+03:30 [INF] () Shut down complete
2023-09-30T18:46:17.7059672+03:30 [INF] () Shut down complete
2023-09-30T18:48:08.6647170+03:30 [INF] () Shut down complete
2023-09-30T18:48:31.9833266+03:30 [INF] () Shut down complete
2023-09-30T18:49:30.5753232+03:30 [INF] () Shut down complete
2023-09-30T19:02:47.0299158+03:30 [INF] () Shut down complete
2023-09-30T19:03:17.5440538+03:30 [INF] () Shut down complete
2023-09-30T19:03:53.4001018+03:30 [INF] () Shut down complete
2023-09-30T19:05:15.9338442+03:30 [INF] () Shut down complete
2023-09-30T19:05:33.1158409+03:30 [INF] () Shut down complete
2023-09-30T19:05:52.6621687+03:30 [INF] () Shut down complete
2023-09-30T19:10:43.2057203+03:30 [INF] () Shut down complete
2023-09-30T19:16:12.8110729+03:30 [INF] () Shut down complete
2023-09-30T19:20:39.7029506+03:30 [INF] () Shut down complete
2023-09-30T19:22:10.1886077+03:30 [INF] () Shut down complete
2023-09-30T19:30:11.4498759+03:30 [INF] () Shut down complete
2023-09-30T19:30:18.0154380+03:30 [INF] (Duende.IdentityServer.Startup) Starting Duende IdentityServer version "6.3.3+4b4117844553d1ce52966e37734f2b7cd285de89" (".NET 7.0.11")
2023-09-30T19:30:18.1240149+03:30 [INF] (Duende.IdentityServer.Startup) Using the default authentication scheme "idsrv" for IdentityServer
2023-09-30T19:30:18.1946559+03:30 [INF] (Microsoft.AspNetCore.DataProtection.KeyManagement.XmlKeyManager) User profile is available. Using '"C:\Users\a.norozi\AppData\Local\ASP.NET\DataProtection-Keys"' as key repository and Windows DPAPI to encrypt keys at rest.
2023-09-30T19:30:18.2407673+03:30 [INF] (Microsoft.Hosting.Lifetime) Now listening on: "http://localhost:5239"
2023-09-30T19:30:18.2421613+03:30 [INF] (Microsoft.Hosting.Lifetime) Application started. Press Ctrl+C to shut down.
2023-09-30T19:30:18.2426499+03:30 [INF] (Microsoft.Hosting.Lifetime) Hosting environment: "Development"
2023-09-30T19:30:18.2431682+03:30 [INF] (Microsoft.Hosting.Lifetime) Content root path: "C:\Users\a.norozi\RiderProjects\Identityserver\Identityserver"
2023-09-30T19:30:18.6256905+03:30 [INF] (Microsoft.AspNetCore.Hosting.Diagnostics) Request starting HTTP/1.1 GET http://localhost:5239/swagger/index.html - -
2023-09-30T19:30:18.7222114+03:30 [INF] (Microsoft.AspNetCore.Hosting.Diagnostics) Request finished HTTP/1.1 GET http://localhost:5239/swagger/index.html - - - 200 - text/html;charset=utf-8 97.3133ms
2023-09-30T19:30:18.8586181+03:30 [INF] (Microsoft.AspNetCore.Hosting.Diagnostics) Request starting HTTP/1.1 GET http://localhost:5239/swagger/v1/swagger.json - -
2023-09-30T19:30:18.9162276+03:30 [INF] (Microsoft.AspNetCore.Hosting.Diagnostics) Request finished HTTP/1.1 GET http://localhost:5239/swagger/v1/swagger.json - - - 200 - application/json;charset=utf-8 57.6080ms
2023-09-30T19:31:02.3890024+03:30 [INF] (Microsoft.Hosting.Lifetime) Application is shutting down...
2023-09-30T19:31:02.4036786+03:30 [INF] () Shut down complete
2023-09-30T19:31:18.1670775+03:30 [INF] () Shut down complete
2023-09-30T19:31:35.9174459+03:30 [INF] () Shut down complete
2023-09-30T19:33:28.1237080+03:30 [INF] (Duende.IdentityServer.Startup) Starting Duende IdentityServer version "6.3.3+4b4117844553d1ce52966e37734f2b7cd285de89" (".NET 7.0.11")
2023-09-30T19:33:28.2248288+03:30 [INF] (Duende.IdentityServer.Startup) Using the default authentication scheme "idsrv" for IdentityServer
2023-09-30T19:33:28.2812578+03:30 [INF] (Microsoft.AspNetCore.DataProtection.KeyManagement.XmlKeyManager) User profile is available. Using '"C:\Users\a.norozi\AppData\Local\ASP.NET\DataProtection-Keys"' as key repository and Windows DPAPI to encrypt keys at rest.
2023-09-30T19:33:28.3244657+03:30 [INF] (Microsoft.Hosting.Lifetime) Now listening on: "http://localhost:5239"
2023-09-30T19:33:28.3257404+03:30 [INF] (Microsoft.Hosting.Lifetime) Application started. Press Ctrl+C to shut down.
2023-09-30T19:33:28.3262455+03:30 [INF] (Microsoft.Hosting.Lifetime) Hosting environment: "Development"
2023-09-30T19:33:28.3270617+03:30 [INF] (Microsoft.Hosting.Lifetime) Content root path: "C:\Users\a.norozi\RiderProjects\Identityserver\Identityserver"
2023-09-30T19:33:28.7390922+03:30 [INF] (Microsoft.AspNetCore.Hosting.Diagnostics) Request starting HTTP/1.1 GET http://localhost:5239/swagger/index.html - -
2023-09-30T19:33:28.8297248+03:30 [INF] (Microsoft.AspNetCore.Hosting.Diagnostics) Request finished HTTP/1.1 GET http://localhost:5239/swagger/index.html - - - 200 - text/html;charset=utf-8 91.6216ms
2023-09-30T19:33:28.9778799+03:30 [INF] (Microsoft.AspNetCore.Hosting.Diagnostics) Request starting HTTP/1.1 GET http://localhost:5239/swagger/v1/swagger.json - -
2023-09-30T19:33:29.0330204+03:30 [INF] (Microsoft.AspNetCore.Hosting.Diagnostics) Request finished HTTP/1.1 GET http://localhost:5239/swagger/v1/swagger.json - - - 200 - application/json;charset=utf-8 55.1311ms
2023-09-30T19:34:09.2726877+03:30 [INF] (Microsoft.AspNetCore.Hosting.Diagnostics) Request starting HTTP/1.1 POST http://localhost:5239/Api/V1/Consents application/json 261
2023-09-30T19:34:09.2816050+03:30 [INF] (Microsoft.AspNetCore.Cors.Infrastructure.CorsMiddleware) No CORS policy found for the specified request.
2023-09-30T19:34:09.2974826+03:30 [INF] (Microsoft.AspNetCore.Routing.EndpointMiddleware) Executing endpoint '"Identityserver.Controller.ConsentController.CreateConsent (Identityserver)"'
2023-09-30T19:34:09.3072277+03:30 [INF] (Microsoft.AspNetCore.Mvc.Infrastructure.ControllerActionInvoker) Route matched with "{action = \"CreateConsent\", controller = \"Consent\"}". Executing controller action with signature "System.Threading.Tasks.Task`1[Microsoft.AspNetCore.Mvc.IActionResult] CreateConsent(DataAccess.RequestModel.ConsentDto)" on controller "Identityserver.Controller.ConsentController" ("Identityserver").
2023-09-30T19:34:09.3329170+03:30 [INF] (Microsoft.AspNetCore.Mvc.Infrastructure.ControllerActionInvoker) Executed action "Identityserver.Controller.ConsentController.CreateConsent (Identityserver)" in 18.8606ms
2023-09-30T19:34:09.3339250+03:30 [INF] (Microsoft.AspNetCore.Routing.EndpointMiddleware) Executed endpoint '"Identityserver.Controller.ConsentController.CreateConsent (Identityserver)"'
2023-09-30T19:34:09.3411640+03:30 [INF] (Microsoft.AspNetCore.Mvc.Infrastructure.ObjectResultExecutor) Executing "ObjectResult", writing value of type '"AutoWrapper.Models.ApiProblemDetails"'.
2023-09-30T19:34:09.3551834+03:30 [INF] (AutoWrapper.AutoWrapperMiddleware) Source:[::1] Request: POST http localhost:5239/Api/V1/Consents  {
  "clientId": "Emad",
  "scopes": [
    "Api.read"
  ],
  "expirationDate": "2023-09-30T16:03:36.880Z",
  "maximumDailyTransferAmount": 1,
  "maximumDailyTransactionCount": 1,
  "maximumAmountPerTransfer": 1,
  "creditorAccounts": [
    "12321321321321"
  ]
} Responded with [500] in 60ms
2023-09-30T19:34:09.3571237+03:30 [INF] (Microsoft.AspNetCore.Hosting.Diagnostics) Request finished HTTP/1.1 POST http://localhost:5239/Api/V1/Consents application/json 261 - 500 - application/problem+json;+charset=utf-8 84.4540ms
2023-09-30T19:37:46.0179247+03:30 [INF] (Microsoft.Hosting.Lifetime) Application is shutting down...
2023-09-30T19:37:46.0265194+03:30 [INF] () Shut down complete
2023-09-30T19:38:24.5573276+03:30 [INF] (Duende.IdentityServer.Startup) Starting Duende IdentityServer version "6.3.3+4b4117844553d1ce52966e37734f2b7cd285de89" (".NET 7.0.11")
2023-09-30T19:38:24.6626465+03:30 [INF] (Duende.IdentityServer.Startup) Using the default authentication scheme "idsrv" for IdentityServer
2023-09-30T19:38:24.7273743+03:30 [INF] (Microsoft.AspNetCore.DataProtection.KeyManagement.XmlKeyManager) User profile is available. Using '"C:\Users\a.norozi\AppData\Local\ASP.NET\DataProtection-Keys"' as key repository and Windows DPAPI to encrypt keys at rest.
2023-09-30T19:38:24.7696843+03:30 [INF] (Microsoft.Hosting.Lifetime) Now listening on: "http://localhost:5239"
2023-09-30T19:38:24.7714026+03:30 [INF] (Microsoft.Hosting.Lifetime) Application started. Press Ctrl+C to shut down.
2023-09-30T19:38:24.7719230+03:30 [INF] (Microsoft.Hosting.Lifetime) Hosting environment: "Development"
2023-09-30T19:38:24.7725988+03:30 [INF] (Microsoft.Hosting.Lifetime) Content root path: "C:\Users\a.norozi\RiderProjects\Identityserver\Identityserver"
2023-09-30T19:38:25.1504403+03:30 [INF] (Microsoft.AspNetCore.Hosting.Diagnostics) Request starting HTTP/1.1 GET http://localhost:5239/swagger/index.html - -
2023-09-30T19:38:25.2432573+03:30 [INF] (Microsoft.AspNetCore.Hosting.Diagnostics) Request finished HTTP/1.1 GET http://localhost:5239/swagger/index.html - - - 200 - text/html;charset=utf-8 93.8864ms
2023-09-30T19:38:25.3144092+03:30 [INF] (Microsoft.AspNetCore.Hosting.Diagnostics) Request starting HTTP/1.1 GET http://localhost:5239/swagger/v1/swagger.json - -
2023-09-30T19:38:25.3695096+03:30 [INF] (Microsoft.AspNetCore.Hosting.Diagnostics) Request finished HTTP/1.1 GET http://localhost:5239/swagger/v1/swagger.json - - - 200 - application/json;charset=utf-8 54.9905ms
2023-09-30T19:38:29.3930355+03:30 [INF] (Microsoft.AspNetCore.Hosting.Diagnostics) Request starting HTTP/1.1 POST http://localhost:5239/Api/V1/Consents application/json 261
2023-09-30T19:38:29.4031110+03:30 [INF] (Microsoft.AspNetCore.Cors.Infrastructure.CorsMiddleware) No CORS policy found for the specified request.
2023-09-30T19:38:29.4195202+03:30 [INF] (Microsoft.AspNetCore.Routing.EndpointMiddleware) Executing endpoint '"Identityserver.Controller.ConsentController.CreateConsent (Identityserver)"'
2023-09-30T19:38:29.4295843+03:30 [INF] (Microsoft.AspNetCore.Mvc.Infrastructure.ControllerActionInvoker) Route matched with "{action = \"CreateConsent\", controller = \"Consent\"}". Executing controller action with signature "System.Threading.Tasks.Task`1[Microsoft.AspNetCore.Mvc.IActionResult] CreateConsent(DataAccess.RequestModel.ConsentDto)" on controller "Identityserver.Controller.ConsentController" ("Identityserver").
2023-09-30T19:38:29.8037747+03:30 [INF] (Microsoft.EntityFrameworkCore.Database.Command) Executed DbCommand ("18"ms) [Parameters=["@p0='?' (Size = 36), @p1='?' (DbType = Int64), @p2='?' (Size = 4), @p3='?' (DbType = DateTime), @p4='?' (DbType = DateTimeOffset), @p5='?' (DbType = DateTime), @p6='?' (DbType = DateTime), @p7='?' (Size = 49), @p8='?' (Size = 48), @p9='?' (DbType = Int32), @p10='?' (DbType = Int64), @p11='?' (Size = 48)"], CommandType='Text', CommandTimeout='30']"
""INSERT INTO \"Consent\" (\"Id\", \"AccountNumber\", \"ClientId\", \"ConsumedTime\", \"CreationTime\", \"Expiration\", \"LastUpdateTime\", \"Parameters\", \"Scope\", \"Status\", \"SubjectId\", \"Type\")
VALUES (@p0, @p1, @p2, @p3, @p4, @p5, @p6, @p7, @p8, @p9, @p10, @p11);"
2023-09-30T19:38:29.8754094+03:30 [INF] (Microsoft.AspNetCore.Mvc.Infrastructure.ObjectResultExecutor) Executing "OkObjectResult", writing value of type '"System.Threading.Tasks.Task`1[[DataAccess.ResponseModel.CreateConsentResponse, DataAccess, Version=1.0.0.0, Culture=neutral, PublicKeyToken=null]]"'.
2023-09-30T19:38:29.8874768+03:30 [INF] (Microsoft.AspNetCore.Mvc.Infrastructure.ControllerActionInvoker) Executed action "Identityserver.Controller.ConsentController.CreateConsent (Identityserver)" in 450.3718ms
2023-09-30T19:38:29.8883632+03:30 [INF] (Microsoft.AspNetCore.Routing.EndpointMiddleware) Executed endpoint '"Identityserver.Controller.ConsentController.CreateConsent (Identityserver)"'
2023-09-30T19:38:29.8989457+03:30 [INF] (AutoWrapper.AutoWrapperMiddleware) Source:[::1] Request: POST http localhost:5239/Api/V1/Consents  {
  "clientId": "Emad",
  "scopes": [
    "Api.read"
  ],
  "expirationDate": "2023-09-30T16:03:36.880Z",
  "maximumDailyTransferAmount": 1,
  "maximumDailyTransactionCount": 1,
  "maximumAmountPerTransfer": 1,
  "creditorAccounts": [
    "12321321321321"
  ]
} Responded with [200] in 482ms
2023-09-30T19:38:29.9055808+03:30 [INF] (Microsoft.AspNetCore.Hosting.Diagnostics) Request finished HTTP/1.1 POST http://localhost:5239/Api/V1/Consents application/json 261 - 200 571 application/json 512.5681ms
2023-09-30T19:39:33.5467846+03:30 [INF] (Microsoft.Hosting.Lifetime) Application is shutting down...
2023-09-30T19:39:33.5622484+03:30 [INF] () Shut down complete
2023-09-30T19:39:38.0743190+03:30 [INF] (Duende.IdentityServer.Startup) Starting Duende IdentityServer version "6.3.3+4b4117844553d1ce52966e37734f2b7cd285de89" (".NET 7.0.11")
2023-09-30T19:39:38.1724074+03:30 [INF] (Duende.IdentityServer.Startup) Using the default authentication scheme "idsrv" for IdentityServer
2023-09-30T19:39:38.2281184+03:30 [INF] (Microsoft.AspNetCore.DataProtection.KeyManagement.XmlKeyManager) User profile is available. Using '"C:\Users\a.norozi\AppData\Local\ASP.NET\DataProtection-Keys"' as key repository and Windows DPAPI to encrypt keys at rest.
2023-09-30T19:39:38.2694957+03:30 [INF] (Microsoft.Hosting.Lifetime) Now listening on: "http://localhost:5239"
2023-09-30T19:39:38.2708577+03:30 [INF] (Microsoft.Hosting.Lifetime) Application started. Press Ctrl+C to shut down.
2023-09-30T19:39:38.2713597+03:30 [INF] (Microsoft.Hosting.Lifetime) Hosting environment: "Development"
2023-09-30T19:39:38.2718914+03:30 [INF] (Microsoft.Hosting.Lifetime) Content root path: "C:\Users\a.norozi\RiderProjects\Identityserver\Identityserver"
2023-09-30T19:39:38.6861635+03:30 [INF] (Microsoft.AspNetCore.Hosting.Diagnostics) Request starting HTTP/1.1 GET http://localhost:5239/swagger/index.html - -
2023-09-30T19:39:38.7785475+03:30 [INF] (Microsoft.AspNetCore.Hosting.Diagnostics) Request finished HTTP/1.1 GET http://localhost:5239/swagger/index.html - - - 200 - text/html;charset=utf-8 93.7836ms
2023-09-30T19:39:38.8494792+03:30 [INF] (Microsoft.AspNetCore.Hosting.Diagnostics) Request starting HTTP/1.1 GET http://localhost:5239/swagger/v1/swagger.json - -
2023-09-30T19:39:38.9052551+03:30 [INF] (Microsoft.AspNetCore.Hosting.Diagnostics) Request finished HTTP/1.1 GET http://localhost:5239/swagger/v1/swagger.json - - - 200 - application/json;charset=utf-8 55.7805ms
2023-09-30T19:39:43.5303380+03:30 [INF] (Microsoft.AspNetCore.Hosting.Diagnostics) Request starting HTTP/1.1 POST http://localhost:5239/Api/V1/Consents application/json 261
2023-09-30T19:39:43.5388668+03:30 [INF] (Microsoft.AspNetCore.Cors.Infrastructure.CorsMiddleware) No CORS policy found for the specified request.
2023-09-30T19:39:43.5552287+03:30 [INF] (Microsoft.AspNetCore.Routing.EndpointMiddleware) Executing endpoint '"Identityserver.Controller.ConsentController.CreateConsent (Identityserver)"'
2023-09-30T19:39:43.5650275+03:30 [INF] (Microsoft.AspNetCore.Mvc.Infrastructure.ControllerActionInvoker) Route matched with "{action = \"CreateConsent\", controller = \"Consent\"}". Executing controller action with signature "System.Threading.Tasks.Task`1[Microsoft.AspNetCore.Mvc.IActionResult] CreateConsent(DataAccess.RequestModel.ConsentDto)" on controller "Identityserver.Controller.ConsentController" ("Identityserver").
2023-09-30T19:39:43.9373639+03:30 [INF] (Microsoft.EntityFrameworkCore.Database.Command) Executed DbCommand ("15"ms) [Parameters=["@p0='?' (Size = 36), @p1='?' (DbType = Int64), @p2='?' (Size = 4), @p3='?' (DbType = DateTime), @p4='?' (DbType = DateTimeOffset), @p5='?' (DbType = DateTime), @p6='?' (DbType = DateTime), @p7='?' (Size = 49), @p8='?' (Size = 48), @p9='?' (DbType = Int32), @p10='?' (DbType = Int64), @p11='?' (Size = 48)"], CommandType='Text', CommandTimeout='30']"
""INSERT INTO \"Consent\" (\"Id\", \"AccountNumber\", \"ClientId\", \"ConsumedTime\", \"CreationTime\", \"Expiration\", \"LastUpdateTime\", \"Parameters\", \"Scope\", \"Status\", \"SubjectId\", \"Type\")
VALUES (@p0, @p1, @p2, @p3, @p4, @p5, @p6, @p7, @p8, @p9, @p10, @p11);"
2023-09-30T19:39:43.9999230+03:30 [INF] (Microsoft.AspNetCore.Mvc.Infrastructure.ObjectResultExecutor) Executing "OkObjectResult", writing value of type '"System.Threading.Tasks.Task`1[[DataAccess.ResponseModel.CreateConsentResponse, DataAccess, Version=1.0.0.0, Culture=neutral, PublicKeyToken=null]]"'.
2023-09-30T19:39:44.0103608+03:30 [INF] (Microsoft.AspNetCore.Mvc.Infrastructure.ControllerActionInvoker) Executed action "Identityserver.Controller.ConsentController.CreateConsent (Identityserver)" in 438.2165ms
2023-09-30T19:39:44.0113889+03:30 [INF] (Microsoft.AspNetCore.Routing.EndpointMiddleware) Executed endpoint '"Identityserver.Controller.ConsentController.CreateConsent (Identityserver)"'
2023-09-30T19:39:44.0167715+03:30 [INF] (Microsoft.AspNetCore.Mvc.Infrastructure.ObjectResultExecutor) Executing "ObjectResult", writing value of type '"AutoWrapper.Models.ApiProblemDetails"'.
2023-09-30T19:39:44.0314298+03:30 [INF] (AutoWrapper.AutoWrapperMiddleware) Source:[::1] Request: POST http localhost:5239/Api/V1/Consents  {
  "clientId": "Emad",
  "scopes": [
    "Api.read"
  ],
  "expirationDate": "2023-09-30T16:03:36.880Z",
  "maximumDailyTransferAmount": 1,
  "maximumDailyTransactionCount": 1,
  "maximumAmountPerTransfer": 1,
  "creditorAccounts": [
    "12321321321321"
  ]
} Responded with [500] in 479ms
2023-09-30T19:39:44.0379429+03:30 [INF] (Microsoft.AspNetCore.Hosting.Diagnostics) Request finished HTTP/1.1 POST http://localhost:5239/Api/V1/Consents application/json 261 - 500 - application/problem+json;+charset=utf-8 507.6245ms
2023-09-30T19:40:47.5798396+03:30 [INF] (Microsoft.Hosting.Lifetime) Application is shutting down...
2023-09-30T19:40:47.5994801+03:30 [INF] () Shut down complete
2023-09-30T19:40:49.9377645+03:30 [INF] (Duende.IdentityServer.Startup) Starting Duende IdentityServer version "6.3.3+4b4117844553d1ce52966e37734f2b7cd285de89" (".NET 7.0.11")
2023-09-30T19:40:50.0424070+03:30 [INF] (Duende.IdentityServer.Startup) Using the default authentication scheme "idsrv" for IdentityServer
2023-09-30T19:40:50.1003870+03:30 [INF] (Microsoft.AspNetCore.DataProtection.KeyManagement.XmlKeyManager) User profile is available. Using '"C:\Users\a.norozi\AppData\Local\ASP.NET\DataProtection-Keys"' as key repository and Windows DPAPI to encrypt keys at rest.
2023-09-30T19:40:50.1424724+03:30 [INF] (Microsoft.Hosting.Lifetime) Now listening on: "http://localhost:5239"
2023-09-30T19:40:50.1438162+03:30 [INF] (Microsoft.Hosting.Lifetime) Application started. Press Ctrl+C to shut down.
2023-09-30T19:40:50.1443640+03:30 [INF] (Microsoft.Hosting.Lifetime) Hosting environment: "Development"
2023-09-30T19:40:50.1448546+03:30 [INF] (Microsoft.Hosting.Lifetime) Content root path: "C:\Users\a.norozi\RiderProjects\Identityserver\Identityserver"
2023-09-30T19:40:50.5347045+03:30 [INF] (Microsoft.AspNetCore.Hosting.Diagnostics) Request starting HTTP/1.1 GET http://localhost:5239/swagger/index.html - -
2023-09-30T19:40:50.6273682+03:30 [INF] (Microsoft.AspNetCore.Hosting.Diagnostics) Request finished HTTP/1.1 GET http://localhost:5239/swagger/index.html - - - 200 - text/html;charset=utf-8 93.7268ms
2023-09-30T19:40:50.6973010+03:30 [INF] (Microsoft.AspNetCore.Hosting.Diagnostics) Request starting HTTP/1.1 GET http://localhost:5239/swagger/v1/swagger.json - -
2023-09-30T19:40:50.7635419+03:30 [INF] (Microsoft.AspNetCore.Hosting.Diagnostics) Request finished HTTP/1.1 GET http://localhost:5239/swagger/v1/swagger.json - - - 200 - application/json;charset=utf-8 66.1939ms
2023-09-30T19:40:55.5184470+03:30 [INF] (Microsoft.AspNetCore.Hosting.Diagnostics) Request starting HTTP/1.1 POST http://localhost:5239/Api/V1/Consents application/json 261
2023-09-30T19:40:55.5268552+03:30 [INF] (Microsoft.AspNetCore.Cors.Infrastructure.CorsMiddleware) No CORS policy found for the specified request.
2023-09-30T19:40:55.5436249+03:30 [INF] (Microsoft.AspNetCore.Routing.EndpointMiddleware) Executing endpoint '"Identityserver.Controller.ConsentController.CreateConsent (Identityserver)"'
2023-09-30T19:40:55.5539711+03:30 [INF] (Microsoft.AspNetCore.Mvc.Infrastructure.ControllerActionInvoker) Route matched with "{action = \"CreateConsent\", controller = \"Consent\"}". Executing controller action with signature "System.Threading.Tasks.Task`1[Microsoft.AspNetCore.Mvc.IActionResult] CreateConsent(DataAccess.RequestModel.ConsentDto)" on controller "Identityserver.Controller.ConsentController" ("Identityserver").
2023-09-30T19:40:55.9451021+03:30 [INF] (Microsoft.EntityFrameworkCore.Database.Command) Executed DbCommand ("18"ms) [Parameters=["@p0='?' (Size = 36), @p1='?' (DbType = Int64), @p2='?' (Size = 4), @p3='?' (DbType = DateTime), @p4='?' (DbType = DateTimeOffset), @p5='?' (DbType = DateTime), @p6='?' (DbType = DateTime), @p7='?' (Size = 49), @p8='?' (Size = 48), @p9='?' (DbType = Int32), @p10='?' (DbType = Int64), @p11='?' (Size = 48)"], CommandType='Text', CommandTimeout='30']"
""INSERT INTO \"Consent\" (\"Id\", \"AccountNumber\", \"ClientId\", \"ConsumedTime\", \"CreationTime\", \"Expiration\", \"LastUpdateTime\", \"Parameters\", \"Scope\", \"Status\", \"SubjectId\", \"Type\")
VALUES (@p0, @p1, @p2, @p3, @p4, @p5, @p6, @p7, @p8, @p9, @p10, @p11);"
2023-09-30T19:40:56.0129000+03:30 [INF] (Microsoft.AspNetCore.Mvc.Infrastructure.ObjectResultExecutor) Executing "OkObjectResult", writing value of type '"System.Threading.Tasks.Task`1[[DataAccess.ResponseModel.CreateConsentResponse, DataAccess, Version=1.0.0.0, Culture=neutral, PublicKeyToken=null]]"'.
2023-09-30T19:40:56.0244869+03:30 [INF] (Microsoft.AspNetCore.Mvc.Infrastructure.ControllerActionInvoker) Executed action "Identityserver.Controller.ConsentController.CreateConsent (Identityserver)" in 462.5115ms
2023-09-30T19:40:56.0255572+03:30 [INF] (Microsoft.AspNetCore.Routing.EndpointMiddleware) Executed endpoint '"Identityserver.Controller.ConsentController.CreateConsent (Identityserver)"'
2023-09-30T19:40:56.0358649+03:30 [INF] (AutoWrapper.AutoWrapperMiddleware) Source:[::1] Request: POST http localhost:5239/Api/V1/Consents  {
  "clientId": "Emad",
  "scopes": [
    "Api.read"
  ],
  "expirationDate": "2023-09-30T16:03:36.880Z",
  "maximumDailyTransferAmount": 1,
  "maximumDailyTransactionCount": 1,
  "maximumAmountPerTransfer": 1,
  "creditorAccounts": [
    "12321321321321"
  ]
} Responded with [200] in 495ms
2023-09-30T19:40:56.0421224+03:30 [INF] (Microsoft.AspNetCore.Hosting.Diagnostics) Request finished HTTP/1.1 POST http://localhost:5239/Api/V1/Consents application/json 261 - 200 571 application/json 523.6915ms
2023-09-30T19:44:11.7949081+03:30 [INF] (Microsoft.Hosting.Lifetime) Application is shutting down...
2023-09-30T19:44:11.8051074+03:30 [INF] () Shut down complete
