2023-09-23T11:54:06.2483665+03:30 [INF] (Duende.IdentityServer.Startup) Starting Duende IdentityServer version "6.3.3+4b4117844553d1ce52966e37734f2b7cd285de89" (".NET 7.0.11")
2023-09-23T11:54:06.3489766+03:30 [INF] (Duende.IdentityServer.Startup) Using the default authentication scheme "Identity.Application" for IdentityServer
2023-09-23T11:54:06.4029598+03:30 [INF] (Microsoft.AspNetCore.DataProtection.KeyManagement.XmlKeyManager) User profile is available. Using '"C:\Users\a.norozi\AppData\Local\ASP.NET\DataProtection-Keys"' as key repository and Windows DPAPI to encrypt keys at rest.
2023-09-23T11:54:06.4432099+03:30 [INF] (Microsoft.Hosting.Lifetime) Now listening on: "http://localhost:5239"
2023-09-23T11:54:06.4444252+03:30 [INF] (Microsoft.Hosting.Lifetime) Application started. Press Ctrl+C to shut down.
2023-09-23T11:54:06.4449043+03:30 [INF] (Microsoft.Hosting.Lifetime) Hosting environment: "Development"
2023-09-23T11:54:06.4453733+03:30 [INF] (Microsoft.Hosting.Lifetime) Content root path: "C:\Users\a.norozi\RiderProjects\Identityserver\Identityserver"
2023-09-23T11:54:06.8492595+03:30 [INF] (Microsoft.AspNetCore.Hosting.Diagnostics) Request starting HTTP/1.1 GET http://localhost:5239/swagger/index.html - -
2023-09-23T11:54:06.9357404+03:30 [INF] (Microsoft.AspNetCore.Hosting.Diagnostics) Request finished HTTP/1.1 GET http://localhost:5239/swagger/index.html - - - 200 - text/html;charset=utf-8 87.5487ms
2023-09-23T11:54:07.0086677+03:30 [INF] (Microsoft.AspNetCore.Hosting.Diagnostics) Request starting HTTP/1.1 GET http://localhost:5239/swagger/v1/swagger.json - -
2023-09-23T11:54:07.0626966+03:30 [INF] (Microsoft.AspNetCore.Hosting.Diagnostics) Request finished HTTP/1.1 GET http://localhost:5239/swagger/v1/swagger.json - - - 200 - application/json;charset=utf-8 54.0383ms
2023-09-23T11:56:46.6541706+03:30 [INF] (Microsoft.Hosting.Lifetime) Application is shutting down...
2023-09-23T11:56:46.6622695+03:30 [INF] () Shut down complete
2023-09-23T15:15:17.5841741+03:30 [INF] (Duende.IdentityServer.Startup) Starting Duende IdentityServer version "6.3.3+4b4117844553d1ce52966e37734f2b7cd285de89" (".NET 7.0.11")
2023-09-23T15:15:17.6985400+03:30 [INF] (Duende.IdentityServer.Startup) Using the default authentication scheme "Identity.Application" for IdentityServer
2023-09-23T15:15:17.7572946+03:30 [INF] (Microsoft.AspNetCore.DataProtection.KeyManagement.XmlKeyManager) User profile is available. Using '"C:\Users\a.norozi\AppData\Local\ASP.NET\DataProtection-Keys"' as key repository and Windows DPAPI to encrypt keys at rest.
2023-09-23T15:15:17.8026182+03:30 [INF] (Microsoft.Hosting.Lifetime) Now listening on: "http://localhost:5239"
2023-09-23T15:15:17.8040933+03:30 [INF] (Microsoft.Hosting.Lifetime) Application started. Press Ctrl+C to shut down.
2023-09-23T15:15:17.8045813+03:30 [INF] (Microsoft.Hosting.Lifetime) Hosting environment: "Development"
2023-09-23T15:15:17.8051135+03:30 [INF] (Microsoft.Hosting.Lifetime) Content root path: "C:\Users\a.norozi\RiderProjects\Identityserver\Identityserver"
2023-09-23T15:15:18.1177720+03:30 [INF] (Microsoft.AspNetCore.Hosting.Diagnostics) Request starting HTTP/1.1 GET http://localhost:5239/swagger/index.html - -
2023-09-23T15:15:18.2220463+03:30 [INF] (Microsoft.AspNetCore.Hosting.Diagnostics) Request finished HTTP/1.1 GET http://localhost:5239/swagger/index.html - - - 200 - text/html;charset=utf-8 105.2798ms
2023-09-23T15:15:18.3205835+03:30 [INF] (Microsoft.AspNetCore.Hosting.Diagnostics) Request starting HTTP/1.1 GET http://localhost:5239/swagger/v1/swagger.json - -
2023-09-23T15:15:18.3948552+03:30 [INF] (Microsoft.AspNetCore.Hosting.Diagnostics) Request finished HTTP/1.1 GET http://localhost:5239/swagger/v1/swagger.json - - - 200 - application/json;charset=utf-8 74.2635ms
2023-09-23T15:15:47.4686159+03:30 [INF] (Microsoft.AspNetCore.Hosting.Diagnostics) Request starting HTTP/1.1 POST http://localhost:5239/Api/V1/Users application/json 293
2023-09-23T15:15:47.4774915+03:30 [INF] (Microsoft.AspNetCore.Cors.Infrastructure.CorsMiddleware) No CORS policy found for the specified request.
2023-09-23T15:15:47.4939009+03:30 [INF] (Microsoft.AspNetCore.Routing.EndpointMiddleware) Executing endpoint '"Identityserver.Controller.UserController.Post (Identityserver)"'
2023-09-23T15:15:47.5042112+03:30 [INF] (Microsoft.AspNetCore.Mvc.Infrastructure.ControllerActionInvoker) Route matched with "{action = \"Post\", controller = \"User\"}". Executing controller action with signature "System.Threading.Tasks.Task`1[Microsoft.AspNetCore.Mvc.ActionResult`1[EntityFramework.DbModels.Users]] Post(DataAccess.RequestModel.UsersDto)" on controller "Identityserver.Controller.UserController" ("Identityserver").
2023-09-23T15:15:51.8710399+03:30 [INF] (Microsoft.EntityFrameworkCore.Database.Command) Executed DbCommand ("16"ms) [Parameters=["@p0='?' (Size = 36), @p1='?' (DbType = Int32), @p2='?' (Size = 36), @p3='?' (Size = 5), @p4='?' (Size = 18), @p5='?' (DbType = Boolean), @p6='?' (DbType = Boolean), @p7='?' (DbType = Boolean), @p8='?' (DbType = DateTimeOffset), @p9='?' (Size = 18), @p10='?' (Size = 6), @p11='?' (Size = 7), @p12='?' (Size = 6), @p13='?' (DbType = Boolean), @p14='?' (Size = 36), @p15='?' (DbType = Boolean), @p16='?' (Size = 6)"], CommandType='Text', CommandTimeout='30']"
""INSERT INTO \"AspNetUsers\" (\"Id\", \"AccessFailedCount\", \"ConcurrencyStamp\", \"Discriminator\", \"Email\", \"EmailConfirmed\", \"Enabled\", \"LockoutEnabled\", \"LockoutEnd\", \"NormalizedEmail\", \"NormalizedUserName\", \"PasswordHash\", \"PhoneNumber\", \"PhoneNumberConfirmed\", \"SecurityStamp\", \"TwoFactorEnabled\", \"UserName\")
VALUES (@p0, @p1, @p2, @p3, @p4, @p5, @p6, @p7, @p8, @p9, @p10, @p11, @p12, @p13, @p14, @p15, @p16);"
2023-09-23T15:15:51.8970249+03:30 [INF] (Microsoft.AspNetCore.Mvc.Infrastructure.ObjectResultExecutor) Executing "CreatedAtActionResult", writing value of type '"EntityFramework.DbModels.Users"'.
2023-09-23T15:15:51.9150588+03:30 [INF] (Microsoft.AspNetCore.Mvc.Infrastructure.ControllerActionInvoker) Executed action "Identityserver.Controller.UserController.Post (Identityserver)" in 4403.5127ms
2023-09-23T15:15:51.9158449+03:30 [INF] (Microsoft.AspNetCore.Routing.EndpointMiddleware) Executed endpoint '"Identityserver.Controller.UserController.Post (Identityserver)"'
2023-09-23T15:15:51.9265283+03:30 [INF] (AutoWrapper.AutoWrapperMiddleware) Source:[::1] Request: POST http localhost:5239/Api/V1/Users  {
  "userName": "eminem",
  "email": "eminem@example.com",
  "emailConfirmed": true,
  "phoneNumber": "string",
  "phoneNumberConfirmed": true,
  "password": "Ali1379",
  "lockoutEnabled": true,
  "twoFactorEnabled": true,
  "accessFailedCount": 0,
  "lockoutEnd": "2023-09-23T11:45:23.919Z"
} Responded with [201] in 4435ms
2023-09-23T15:15:51.9329373+03:30 [INF] (Microsoft.AspNetCore.Hosting.Diagnostics) Request finished HTTP/1.1 POST http://localhost:5239/Api/V1/Users application/json 293 - 201 663 application/json 4464.3489ms
2023-09-23T15:16:53.1819823+03:30 [INF] (Microsoft.AspNetCore.Hosting.Diagnostics) Request starting HTTP/1.1 POST http://localhost:5239/Api/V1/Users application/json 293
2023-09-23T15:16:53.1862253+03:30 [INF] (Microsoft.AspNetCore.Cors.Infrastructure.CorsMiddleware) No CORS policy found for the specified request.
2023-09-23T15:16:53.1909020+03:30 [INF] (Microsoft.AspNetCore.Routing.EndpointMiddleware) Executing endpoint '"Identityserver.Controller.UserController.Post (Identityserver)"'
2023-09-23T15:16:53.1918750+03:30 [INF] (Microsoft.AspNetCore.Mvc.Infrastructure.ControllerActionInvoker) Route matched with "{action = \"Post\", controller = \"User\"}". Executing controller action with signature "System.Threading.Tasks.Task`1[Microsoft.AspNetCore.Mvc.ActionResult`1[EntityFramework.DbModels.Users]] Post(DataAccess.RequestModel.UsersDto)" on controller "Identityserver.Controller.UserController" ("Identityserver").
2023-09-23T15:16:53.2612967+03:30 [INF] (Microsoft.AspNetCore.Mvc.Infrastructure.ControllerActionInvoker) Executed action "Identityserver.Controller.UserController.Post (Identityserver)" in 64.624ms
2023-09-23T15:16:53.2621556+03:30 [INF] (Microsoft.AspNetCore.Routing.EndpointMiddleware) Executed endpoint '"Identityserver.Controller.UserController.Post (Identityserver)"'
2023-09-23T15:16:53.2691696+03:30 [INF] (Microsoft.AspNetCore.Mvc.Infrastructure.ObjectResultExecutor) Executing "ObjectResult", writing value of type '"AutoWrapper.Models.ApiProblemDetails"'.
2023-09-23T15:16:53.2800401+03:30 [INF] (AutoWrapper.AutoWrapperMiddleware) Source:[::1] Request: POST http localhost:5239/Api/V1/Users  {
  "userName": "eminem",
  "email": "eminem@example.com",
  "emailConfirmed": true,
  "phoneNumber": "string",
  "phoneNumberConfirmed": true,
  "password": "Ali1379",
  "lockoutEnabled": true,
  "twoFactorEnabled": true,
  "accessFailedCount": 0,
  "lockoutEnd": "2023-09-23T11:45:23.919Z"
} Responded with [500] in 90ms
2023-09-23T15:16:53.2836840+03:30 [INF] (Microsoft.AspNetCore.Hosting.Diagnostics) Request finished HTTP/1.1 POST http://localhost:5239/Api/V1/Users application/json 293 - 500 - application/problem+json;+charset=utf-8 101.7070ms
2023-09-23T15:17:31.3073354+03:30 [INF] (Microsoft.Hosting.Lifetime) Application is shutting down...
2023-09-23T15:17:31.3210801+03:30 [INF] () Shut down complete
2023-09-23T15:17:33.8811468+03:30 [INF] (Duende.IdentityServer.Startup) Starting Duende IdentityServer version "6.3.3+4b4117844553d1ce52966e37734f2b7cd285de89" (".NET 7.0.11")
2023-09-23T15:17:33.9819538+03:30 [INF] (Duende.IdentityServer.Startup) Using the default authentication scheme "Identity.Application" for IdentityServer
2023-09-23T15:17:34.0412908+03:30 [INF] (Microsoft.AspNetCore.DataProtection.KeyManagement.XmlKeyManager) User profile is available. Using '"C:\Users\a.norozi\AppData\Local\ASP.NET\DataProtection-Keys"' as key repository and Windows DPAPI to encrypt keys at rest.
2023-09-23T15:17:34.0832869+03:30 [INF] (Microsoft.Hosting.Lifetime) Now listening on: "http://localhost:5239"
2023-09-23T15:17:34.0845399+03:30 [INF] (Microsoft.Hosting.Lifetime) Application started. Press Ctrl+C to shut down.
2023-09-23T15:17:34.0849942+03:30 [INF] (Microsoft.Hosting.Lifetime) Hosting environment: "Development"
2023-09-23T15:17:34.0854523+03:30 [INF] (Microsoft.Hosting.Lifetime) Content root path: "C:\Users\a.norozi\RiderProjects\Identityserver\Identityserver"
2023-09-23T15:17:34.4654920+03:30 [INF] (Microsoft.AspNetCore.Hosting.Diagnostics) Request starting HTTP/1.1 GET http://localhost:5239/swagger/index.html - -
2023-09-23T15:17:34.5532873+03:30 [INF] (Microsoft.AspNetCore.Hosting.Diagnostics) Request finished HTTP/1.1 GET http://localhost:5239/swagger/index.html - - - 200 - text/html;charset=utf-8 88.8266ms
2023-09-23T15:17:34.6284091+03:30 [INF] (Microsoft.AspNetCore.Hosting.Diagnostics) Request starting HTTP/1.1 GET http://localhost:5239/swagger/v1/swagger.json - -
2023-09-23T15:17:34.6829105+03:30 [INF] (Microsoft.AspNetCore.Hosting.Diagnostics) Request finished HTTP/1.1 GET http://localhost:5239/swagger/v1/swagger.json - - - 200 - application/json;charset=utf-8 54.4850ms
2023-09-23T15:17:36.8324923+03:30 [INF] (Microsoft.AspNetCore.Hosting.Diagnostics) Request starting HTTP/1.1 POST http://localhost:5239/Api/V1/Users application/json 293
2023-09-23T15:17:36.8431929+03:30 [INF] (Microsoft.AspNetCore.Cors.Infrastructure.CorsMiddleware) No CORS policy found for the specified request.
2023-09-23T15:17:36.8604252+03:30 [INF] (Microsoft.AspNetCore.Routing.EndpointMiddleware) Executing endpoint '"Identityserver.Controller.UserController.Post (Identityserver)"'
2023-09-23T15:17:36.8701695+03:30 [INF] (Microsoft.AspNetCore.Mvc.Infrastructure.ControllerActionInvoker) Route matched with "{action = \"Post\", controller = \"User\"}". Executing controller action with signature "System.Threading.Tasks.Task`1[Microsoft.AspNetCore.Mvc.ActionResult`1[EntityFramework.DbModels.Users]] Post(DataAccess.RequestModel.UsersDto)" on controller "Identityserver.Controller.UserController" ("Identityserver").
2023-09-23T15:17:36.9275659+03:30 [INF] (Microsoft.AspNetCore.Mvc.Infrastructure.ObjectResultExecutor) Executing "BadRequestObjectResult", writing value of type '"System.Collections.Generic.List`1[[FluentValidation.Results.ValidationFailure, FluentValidation, Version=11.0.0.0, Culture=neutral, PublicKeyToken=7de548da2fbae0f0]]"'.
2023-09-23T15:17:36.9360866+03:30 [INF] (Microsoft.AspNetCore.Mvc.Infrastructure.ControllerActionInvoker) Executed action "Identityserver.Controller.UserController.Post (Identityserver)" in 58.5356ms
2023-09-23T15:17:36.9368576+03:30 [INF] (Microsoft.AspNetCore.Routing.EndpointMiddleware) Executed endpoint '"Identityserver.Controller.UserController.Post (Identityserver)"'
2023-09-23T15:17:36.9457169+03:30 [INF] (Microsoft.AspNetCore.Mvc.Infrastructure.ObjectResultExecutor) Executing "ObjectResult", writing value of type '"System.Text.Json.JsonElement"'.
2023-09-23T15:17:36.9483401+03:30 [INF] (AutoWrapper.AutoWrapperMiddleware) Source:[::1] Request: POST http localhost:5239/Api/V1/Users  {
  "userName": "eminem",
  "email": "eminem@example.com",
  "emailConfirmed": true,
  "phoneNumber": "string",
  "phoneNumberConfirmed": true,
  "password": "Ali1379",
  "lockoutEnabled": true,
  "twoFactorEnabled": true,
  "accessFailedCount": 0,
  "lockoutEnd": "2023-09-23T11:45:23.919Z"
} Responded with [400] in 92ms
2023-09-23T15:17:36.9502145+03:30 [INF] (Microsoft.AspNetCore.Hosting.Diagnostics) Request finished HTTP/1.1 POST http://localhost:5239/Api/V1/Users application/json 293 - 400 - application/problem+json;+charset=utf-8 117.7343ms
2023-09-23T15:18:41.1775244+03:30 [INF] (Microsoft.AspNetCore.Hosting.Diagnostics) Request starting HTTP/1.1 POST http://localhost:5239/Api/V1/Users application/json 297
2023-09-23T15:18:41.1830986+03:30 [INF] (Microsoft.AspNetCore.Cors.Infrastructure.CorsMiddleware) No CORS policy found for the specified request.
2023-09-23T15:18:41.1868055+03:30 [INF] (Microsoft.AspNetCore.Routing.EndpointMiddleware) Executing endpoint '"Identityserver.Controller.UserController.Post (Identityserver)"'
2023-09-23T15:18:41.1875015+03:30 [INF] (Microsoft.AspNetCore.Mvc.Infrastructure.ControllerActionInvoker) Route matched with "{action = \"Post\", controller = \"User\"}". Executing controller action with signature "System.Threading.Tasks.Task`1[Microsoft.AspNetCore.Mvc.ActionResult`1[EntityFramework.DbModels.Users]] Post(DataAccess.RequestModel.UsersDto)" on controller "Identityserver.Controller.UserController" ("Identityserver").
2023-09-23T15:18:41.2048072+03:30 [INF] (Microsoft.AspNetCore.Mvc.Infrastructure.ObjectResultExecutor) Executing "BadRequestObjectResult", writing value of type '"System.Collections.Generic.List`1[[FluentValidation.Results.ValidationFailure, FluentValidation, Version=11.0.0.0, Culture=neutral, PublicKeyToken=7de548da2fbae0f0]]"'.
2023-09-23T15:18:41.2055942+03:30 [INF] (Microsoft.AspNetCore.Mvc.Infrastructure.ControllerActionInvoker) Executed action "Identityserver.Controller.UserController.Post (Identityserver)" in 12.7487ms
2023-09-23T15:18:41.2063876+03:30 [INF] (Microsoft.AspNetCore.Routing.EndpointMiddleware) Executed endpoint '"Identityserver.Controller.UserController.Post (Identityserver)"'
2023-09-23T15:18:41.2115872+03:30 [INF] (Microsoft.AspNetCore.Mvc.Infrastructure.ObjectResultExecutor) Executing "ObjectResult", writing value of type '"System.Text.Json.JsonElement"'.
2023-09-23T15:18:41.2124578+03:30 [INF] (AutoWrapper.AutoWrapperMiddleware) Source:[::1] Request: POST http localhost:5239/Api/V1/Users  {
  "userName": "eminem",
  "email": "eminem@example.com",
  "emailConfirmed": true,
  "phoneNumber": "string",
  "phoneNumberConfirmed": true,
  "password": "Ali1379rez@",
  "lockoutEnabled": true,
  "twoFactorEnabled": true,
  "accessFailedCount": 0,
  "lockoutEnd": "2023-09-23T11:45:23.919Z"
} Responded with [400] in 27ms
2023-09-23T15:18:41.2140023+03:30 [INF] (Microsoft.AspNetCore.Hosting.Diagnostics) Request finished HTTP/1.1 POST http://localhost:5239/Api/V1/Users application/json 297 - 400 - application/problem+json;+charset=utf-8 36.5031ms
2023-09-23T15:19:35.3859763+03:30 [INF] (Microsoft.Hosting.Lifetime) Application is shutting down...
2023-09-23T15:19:35.4004234+03:30 [INF] () Shut down complete
2023-09-23T15:19:36.9842230+03:30 [INF] (Duende.IdentityServer.Startup) Starting Duende IdentityServer version "6.3.3+4b4117844553d1ce52966e37734f2b7cd285de89" (".NET 7.0.11")
2023-09-23T15:19:37.0909065+03:30 [INF] (Duende.IdentityServer.Startup) Using the default authentication scheme "Identity.Application" for IdentityServer
2023-09-23T15:19:37.1508808+03:30 [INF] (Microsoft.AspNetCore.DataProtection.KeyManagement.XmlKeyManager) User profile is available. Using '"C:\Users\a.norozi\AppData\Local\ASP.NET\DataProtection-Keys"' as key repository and Windows DPAPI to encrypt keys at rest.
2023-09-23T15:19:37.1921271+03:30 [INF] (Microsoft.Hosting.Lifetime) Now listening on: "http://localhost:5239"
2023-09-23T15:19:37.1933371+03:30 [INF] (Microsoft.Hosting.Lifetime) Application started. Press Ctrl+C to shut down.
2023-09-23T15:19:37.1939668+03:30 [INF] (Microsoft.Hosting.Lifetime) Hosting environment: "Development"
2023-09-23T15:19:37.1944707+03:30 [INF] (Microsoft.Hosting.Lifetime) Content root path: "C:\Users\a.norozi\RiderProjects\Identityserver\Identityserver"
2023-09-23T15:19:37.5604116+03:30 [INF] (Microsoft.AspNetCore.Hosting.Diagnostics) Request starting HTTP/1.1 GET http://localhost:5239/swagger/index.html - -
2023-09-23T15:19:37.6505300+03:30 [INF] (Microsoft.AspNetCore.Hosting.Diagnostics) Request finished HTTP/1.1 GET http://localhost:5239/swagger/index.html - - - 200 - text/html;charset=utf-8 91.2627ms
2023-09-23T15:19:37.7251390+03:30 [INF] (Microsoft.AspNetCore.Hosting.Diagnostics) Request starting HTTP/1.1 GET http://localhost:5239/swagger/v1/swagger.json - -
2023-09-23T15:19:37.7865921+03:30 [INF] (Microsoft.AspNetCore.Hosting.Diagnostics) Request finished HTTP/1.1 GET http://localhost:5239/swagger/v1/swagger.json - - - 200 - application/json;charset=utf-8 61.4528ms
2023-09-23T15:19:40.5854247+03:30 [INF] (Microsoft.AspNetCore.Hosting.Diagnostics) Request starting HTTP/1.1 POST http://localhost:5239/Api/V1/Users application/json 297
2023-09-23T15:19:40.5937090+03:30 [INF] (Microsoft.AspNetCore.Cors.Infrastructure.CorsMiddleware) No CORS policy found for the specified request.
2023-09-23T15:19:40.6101740+03:30 [INF] (Microsoft.AspNetCore.Routing.EndpointMiddleware) Executing endpoint '"Identityserver.Controller.UserController.Post (Identityserver)"'
2023-09-23T15:19:40.6200775+03:30 [INF] (Microsoft.AspNetCore.Mvc.Infrastructure.ControllerActionInvoker) Route matched with "{action = \"Post\", controller = \"User\"}". Executing controller action with signature "System.Threading.Tasks.Task`1[Microsoft.AspNetCore.Mvc.ActionResult`1[EntityFramework.DbModels.Users]] Post(DataAccess.RequestModel.UsersDto)" on controller "Identityserver.Controller.UserController" ("Identityserver").
2023-09-23T15:19:41.1189085+03:30 [INF] (Microsoft.AspNetCore.Mvc.Infrastructure.ControllerActionInvoker) Executed action "Identityserver.Controller.UserController.Post (Identityserver)" in 491.8632ms
2023-09-23T15:19:41.1200111+03:30 [INF] (Microsoft.AspNetCore.Routing.EndpointMiddleware) Executed endpoint '"Identityserver.Controller.UserController.Post (Identityserver)"'
2023-09-23T15:19:41.1295576+03:30 [INF] (Microsoft.AspNetCore.Mvc.Infrastructure.ObjectResultExecutor) Executing "ObjectResult", writing value of type '"AutoWrapper.Models.ApiProblemDetails"'.
2023-09-23T15:19:41.1426023+03:30 [INF] (AutoWrapper.AutoWrapperMiddleware) Source:[::1] Request: POST http localhost:5239/Api/V1/Users  {
  "userName": "eminem",
  "email": "eminem@example.com",
  "emailConfirmed": true,
  "phoneNumber": "string",
  "phoneNumberConfirmed": true,
  "password": "Ali1379rez@",
  "lockoutEnabled": true,
  "twoFactorEnabled": true,
  "accessFailedCount": 0,
  "lockoutEnd": "2023-09-23T11:45:23.919Z"
} Responded with [500] in 535ms
2023-09-23T15:19:41.1489392+03:30 [INF] (Microsoft.AspNetCore.Hosting.Diagnostics) Request finished HTTP/1.1 POST http://localhost:5239/Api/V1/Users application/json 297 - 500 - application/problem+json;+charset=utf-8 563.5331ms
2023-09-23T15:19:49.0574472+03:30 [INF] (Microsoft.Hosting.Lifetime) Application is shutting down...
2023-09-23T15:19:49.0707513+03:30 [INF] () Shut down complete
2023-09-23T15:19:51.8618884+03:30 [INF] (Duende.IdentityServer.Startup) Starting Duende IdentityServer version "6.3.3+4b4117844553d1ce52966e37734f2b7cd285de89" (".NET 7.0.11")
2023-09-23T15:19:51.9602732+03:30 [INF] (Duende.IdentityServer.Startup) Using the default authentication scheme "Identity.Application" for IdentityServer
2023-09-23T15:19:52.0140346+03:30 [INF] (Microsoft.AspNetCore.DataProtection.KeyManagement.XmlKeyManager) User profile is available. Using '"C:\Users\a.norozi\AppData\Local\ASP.NET\DataProtection-Keys"' as key repository and Windows DPAPI to encrypt keys at rest.
2023-09-23T15:19:52.0576032+03:30 [INF] (Microsoft.Hosting.Lifetime) Now listening on: "http://localhost:5239"
2023-09-23T15:19:52.0588447+03:30 [INF] (Microsoft.Hosting.Lifetime) Application started. Press Ctrl+C to shut down.
2023-09-23T15:19:52.0592998+03:30 [INF] (Microsoft.Hosting.Lifetime) Hosting environment: "Development"
2023-09-23T15:19:52.0597641+03:30 [INF] (Microsoft.Hosting.Lifetime) Content root path: "C:\Users\a.norozi\RiderProjects\Identityserver\Identityserver"
2023-09-23T15:19:52.4774405+03:30 [INF] (Microsoft.AspNetCore.Hosting.Diagnostics) Request starting HTTP/1.1 GET http://localhost:5239/swagger/index.html - -
2023-09-23T15:19:52.5679995+03:30 [INF] (Microsoft.AspNetCore.Hosting.Diagnostics) Request finished HTTP/1.1 GET http://localhost:5239/swagger/index.html - - - 200 - text/html;charset=utf-8 91.6135ms
2023-09-23T15:19:52.6401448+03:30 [INF] (Microsoft.AspNetCore.Hosting.Diagnostics) Request starting HTTP/1.1 GET http://localhost:5239/swagger/v1/swagger.json - -
2023-09-23T15:19:52.6966828+03:30 [INF] (Microsoft.AspNetCore.Hosting.Diagnostics) Request finished HTTP/1.1 GET http://localhost:5239/swagger/v1/swagger.json - - - 200 - application/json;charset=utf-8 56.5360ms
2023-09-23T15:20:06.3126830+03:30 [INF] (Microsoft.AspNetCore.Hosting.Diagnostics) Request starting HTTP/1.1 POST http://localhost:5239/Api/V1/Users application/json 297
2023-09-23T15:20:06.3212891+03:30 [INF] (Microsoft.AspNetCore.Cors.Infrastructure.CorsMiddleware) No CORS policy found for the specified request.
2023-09-23T15:20:06.3378144+03:30 [INF] (Microsoft.AspNetCore.Routing.EndpointMiddleware) Executing endpoint '"Identityserver.Controller.UserController.Post (Identityserver)"'
2023-09-23T15:20:06.3479208+03:30 [INF] (Microsoft.AspNetCore.Mvc.Infrastructure.ControllerActionInvoker) Route matched with "{action = \"Post\", controller = \"User\"}". Executing controller action with signature "System.Threading.Tasks.Task`1[Microsoft.AspNetCore.Mvc.ActionResult`1[EntityFramework.DbModels.Users]] Post(DataAccess.RequestModel.UsersDto)" on controller "Identityserver.Controller.UserController" ("Identityserver").
2023-09-23T15:20:06.8627051+03:30 [INF] (Microsoft.AspNetCore.Mvc.Infrastructure.ControllerActionInvoker) Executed action "Identityserver.Controller.UserController.Post (Identityserver)" in 507.7665ms
2023-09-23T15:20:06.8636621+03:30 [INF] (Microsoft.AspNetCore.Routing.EndpointMiddleware) Executed endpoint '"Identityserver.Controller.UserController.Post (Identityserver)"'
2023-09-23T15:20:06.8727663+03:30 [INF] (Microsoft.AspNetCore.Mvc.Infrastructure.ObjectResultExecutor) Executing "ObjectResult", writing value of type '"AutoWrapper.Models.ApiProblemDetails"'.
2023-09-23T15:20:06.8849133+03:30 [INF] (AutoWrapper.AutoWrapperMiddleware) Source:[::1] Request: POST http localhost:5239/Api/V1/Users  {
  "userName": "eminem",
  "email": "eminem@example.com",
  "emailConfirmed": true,
  "phoneNumber": "string",
  "phoneNumberConfirmed": true,
  "password": "Ali1379rez@",
  "lockoutEnabled": true,
  "twoFactorEnabled": true,
  "accessFailedCount": 0,
  "lockoutEnd": "2023-09-23T11:45:23.919Z"
} Responded with [500] in 550ms
2023-09-23T15:20:06.8910743+03:30 [INF] (Microsoft.AspNetCore.Hosting.Diagnostics) Request finished HTTP/1.1 POST http://localhost:5239/Api/V1/Users application/json 297 - 500 - application/problem+json;+charset=utf-8 578.4092ms
2023-09-23T15:20:47.5010570+03:30 [INF] (Microsoft.AspNetCore.Hosting.Diagnostics) Request starting HTTP/1.1 POST http://localhost:5239/Api/V1/Users application/json 298
2023-09-23T15:20:47.5047629+03:30 [INF] (Microsoft.AspNetCore.Cors.Infrastructure.CorsMiddleware) No CORS policy found for the specified request.
2023-09-23T15:20:47.5088277+03:30 [INF] (Microsoft.AspNetCore.Routing.EndpointMiddleware) Executing endpoint '"Identityserver.Controller.UserController.Post (Identityserver)"'
2023-09-23T15:20:47.5095480+03:30 [INF] (Microsoft.AspNetCore.Mvc.Infrastructure.ControllerActionInvoker) Route matched with "{action = \"Post\", controller = \"User\"}". Executing controller action with signature "System.Threading.Tasks.Task`1[Microsoft.AspNetCore.Mvc.ActionResult`1[EntityFramework.DbModels.Users]] Post(DataAccess.RequestModel.UsersDto)" on controller "Identityserver.Controller.UserController" ("Identityserver").
2023-09-23T15:20:47.5701010+03:30 [INF] (Microsoft.EntityFrameworkCore.Database.Command) Executed DbCommand ("7"ms) [Parameters=["@p0='?' (Size = 36), @p1='?' (DbType = Int32), @p2='?' (Size = 36), @p3='?' (Size = 5), @p4='?' (Size = 18), @p5='?' (DbType = Boolean), @p6='?' (DbType = Boolean), @p7='?' (DbType = Boolean), @p8='?' (DbType = DateTimeOffset), @p9='?' (Size = 18), @p10='?' (Size = 7), @p11='?' (Size = 11), @p12='?' (Size = 6), @p13='?' (DbType = Boolean), @p14='?' (Size = 36), @p15='?' (DbType = Boolean), @p16='?' (Size = 7)"], CommandType='Text', CommandTimeout='30']"
""INSERT INTO \"AspNetUsers\" (\"Id\", \"AccessFailedCount\", \"ConcurrencyStamp\", \"Discriminator\", \"Email\", \"EmailConfirmed\", \"Enabled\", \"LockoutEnabled\", \"LockoutEnd\", \"NormalizedEmail\", \"NormalizedUserName\", \"PasswordHash\", \"PhoneNumber\", \"PhoneNumberConfirmed\", \"SecurityStamp\", \"TwoFactorEnabled\", \"UserName\")
VALUES (@p0, @p1, @p2, @p3, @p4, @p5, @p6, @p7, @p8, @p9, @p10, @p11, @p12, @p13, @p14, @p15, @p16);"
2023-09-23T15:20:47.5890872+03:30 [INF] (Microsoft.AspNetCore.Mvc.Infrastructure.ObjectResultExecutor) Executing "CreatedAtActionResult", writing value of type '"EntityFramework.DbModels.Users"'.
2023-09-23T15:20:47.6043894+03:30 [INF] (Microsoft.AspNetCore.Mvc.Infrastructure.ControllerActionInvoker) Executed action "Identityserver.Controller.UserController.Post (Identityserver)" in 90.2081ms
2023-09-23T15:20:47.6050340+03:30 [INF] (Microsoft.AspNetCore.Routing.EndpointMiddleware) Executed endpoint '"Identityserver.Controller.UserController.Post (Identityserver)"'
2023-09-23T15:20:47.6140790+03:30 [INF] (AutoWrapper.AutoWrapperMiddleware) Source:[::1] Request: POST http localhost:5239/Api/V1/Users  {
  "userName": "eminem2",
  "email": "eminem@example.com",
  "emailConfirmed": true,
  "phoneNumber": "string",
  "phoneNumberConfirmed": true,
  "password": "Ali1379rez@",
  "lockoutEnabled": true,
  "twoFactorEnabled": true,
  "accessFailedCount": 0,
  "lockoutEnd": "2023-09-23T11:45:23.919Z"
} Responded with [201] in 106ms
2023-09-23T15:20:47.6176283+03:30 [INF] (Microsoft.AspNetCore.Hosting.Diagnostics) Request finished HTTP/1.1 POST http://localhost:5239/Api/V1/Users application/json 298 - 201 668 application/json 116.5913ms
2023-09-23T15:22:06.8824768+03:30 [INF] (Microsoft.Hosting.Lifetime) Application is shutting down...
2023-09-23T15:22:06.8930357+03:30 [INF] () Shut down complete
2023-09-23T16:11:01.6760840+03:30 [INF] (Duende.IdentityServer.Startup) Starting Duende IdentityServer version "6.3.3+4b4117844553d1ce52966e37734f2b7cd285de89" (".NET 7.0.11")
2023-09-23T16:11:01.7888202+03:30 [INF] (Duende.IdentityServer.Startup) Using the default authentication scheme "Identity.Application" for IdentityServer
2023-09-23T16:11:01.8541778+03:30 [INF] (Microsoft.AspNetCore.DataProtection.KeyManagement.XmlKeyManager) User profile is available. Using '"C:\Users\a.norozi\AppData\Local\ASP.NET\DataProtection-Keys"' as key repository and Windows DPAPI to encrypt keys at rest.
2023-09-23T16:11:01.9017075+03:30 [INF] (Microsoft.Hosting.Lifetime) Now listening on: "http://localhost:5239"
2023-09-23T16:11:01.9031926+03:30 [INF] (Microsoft.Hosting.Lifetime) Application started. Press Ctrl+C to shut down.
2023-09-23T16:11:01.9036460+03:30 [INF] (Microsoft.Hosting.Lifetime) Hosting environment: "Development"
2023-09-23T16:11:01.9041801+03:30 [INF] (Microsoft.Hosting.Lifetime) Content root path: "C:\Users\a.norozi\RiderProjects\Identityserver\Identityserver"
2023-09-23T16:11:02.1787821+03:30 [INF] (Microsoft.AspNetCore.Hosting.Diagnostics) Request starting HTTP/1.1 GET http://localhost:5239/swagger/index.html - -
2023-09-23T16:11:02.2727433+03:30 [INF] (Microsoft.AspNetCore.Hosting.Diagnostics) Request finished HTTP/1.1 GET http://localhost:5239/swagger/index.html - - - 200 - text/html;charset=utf-8 94.9610ms
2023-09-23T16:11:02.3497169+03:30 [INF] (Microsoft.AspNetCore.Hosting.Diagnostics) Request starting HTTP/1.1 GET http://localhost:5239/swagger/v1/swagger.json - -
2023-09-23T16:11:02.4118782+03:30 [INF] (Microsoft.AspNetCore.Hosting.Diagnostics) Request finished HTTP/1.1 GET http://localhost:5239/swagger/v1/swagger.json - - - 200 - application/json;charset=utf-8 62.1469ms
2023-09-23T16:11:51.2342870+03:30 [INF] (Microsoft.Hosting.Lifetime) Application is shutting down...
2023-09-23T16:11:51.2501412+03:30 [INF] () Shut down complete
2023-09-23T16:12:43.1145720+03:30 [INF] (Duende.IdentityServer.Startup) Starting Duende IdentityServer version "6.3.3+4b4117844553d1ce52966e37734f2b7cd285de89" (".NET 7.0.11")
2023-09-23T16:12:43.2229216+03:30 [INF] (Duende.IdentityServer.Startup) Using the default authentication scheme "Identity.Application" for IdentityServer
2023-09-23T16:12:43.2849672+03:30 [INF] (Microsoft.AspNetCore.DataProtection.KeyManagement.XmlKeyManager) User profile is available. Using '"C:\Users\a.norozi\AppData\Local\ASP.NET\DataProtection-Keys"' as key repository and Windows DPAPI to encrypt keys at rest.
2023-09-23T16:12:43.3287127+03:30 [INF] (Microsoft.Hosting.Lifetime) Now listening on: "http://localhost:5239"
2023-09-23T16:12:43.3300097+03:30 [INF] (Microsoft.Hosting.Lifetime) Application started. Press Ctrl+C to shut down.
2023-09-23T16:12:43.3304376+03:30 [INF] (Microsoft.Hosting.Lifetime) Hosting environment: "Development"
2023-09-23T16:12:43.3309755+03:30 [INF] (Microsoft.Hosting.Lifetime) Content root path: "C:\Users\a.norozi\RiderProjects\Identityserver\Identityserver"
2023-09-23T16:12:43.6389171+03:30 [INF] (Microsoft.AspNetCore.Hosting.Diagnostics) Request starting HTTP/1.1 GET http://localhost:5239/swagger/index.html - -
2023-09-23T16:12:43.7265542+03:30 [INF] (Microsoft.AspNetCore.Hosting.Diagnostics) Request finished HTTP/1.1 GET http://localhost:5239/swagger/index.html - - - 200 - text/html;charset=utf-8 88.6826ms
2023-09-23T16:12:43.8730185+03:30 [INF] (Microsoft.AspNetCore.Hosting.Diagnostics) Request starting HTTP/1.1 GET http://localhost:5239/swagger/v1/swagger.json - -
2023-09-23T16:12:43.9341220+03:30 [INF] (Microsoft.AspNetCore.Hosting.Diagnostics) Request finished HTTP/1.1 GET http://localhost:5239/swagger/v1/swagger.json - - - 200 - application/json;charset=utf-8 61.0898ms
2023-09-23T16:12:55.0081975+03:30 [INF] (Microsoft.AspNetCore.Hosting.Diagnostics) Request starting HTTP/1.1 GET http://localhost:5239/Api/V1/Users/2de54eae-6475-4e88-b066-8eb608fcc8ef - -
2023-09-23T16:12:55.0275611+03:30 [INF] (Microsoft.AspNetCore.Routing.EndpointMiddleware) Executing endpoint '"Identityserver.Controller.UserController.Get (Identityserver)"'
2023-09-23T16:12:55.0380719+03:30 [INF] (Microsoft.AspNetCore.Mvc.Infrastructure.ControllerActionInvoker) Route matched with "{action = \"Get\", controller = \"User\"}". Executing controller action with signature "System.Threading.Tasks.Task`1[Microsoft.AspNetCore.Mvc.ActionResult`1[EntityFramework.DbModels.Users]] Get(System.Guid)" on controller "Identityserver.Controller.UserController" ("Identityserver").
2023-09-23T16:12:55.3977344+03:30 [INF] (Microsoft.AspNetCore.Mvc.Infrastructure.ControllerActionInvoker) Executed action "Identityserver.Controller.UserController.Get (Identityserver)" in 352.9198ms
2023-09-23T16:12:55.3990205+03:30 [INF] (Microsoft.AspNetCore.Routing.EndpointMiddleware) Executed endpoint '"Identityserver.Controller.UserController.Get (Identityserver)"'
2023-09-23T16:12:55.4090081+03:30 [INF] (Microsoft.AspNetCore.Mvc.Infrastructure.ObjectResultExecutor) Executing "ObjectResult", writing value of type '"AutoWrapper.Models.ApiProblemDetails"'.
2023-09-23T16:12:55.4271366+03:30 [INF] (AutoWrapper.AutoWrapperMiddleware) Source:[::1] Request: GET http localhost:5239/Api/V1/Users/2de54eae-6475-4e88-b066-8eb608fcc8ef   Responded with [500] in 399ms
2023-09-23T16:12:55.4304092+03:30 [INF] (Microsoft.AspNetCore.Hosting.Diagnostics) Request finished HTTP/1.1 GET http://localhost:5239/Api/V1/Users/2de54eae-6475-4e88-b066-8eb608fcc8ef - - - 500 - application/problem+json;+charset=utf-8 422.2816ms
2023-09-23T16:13:18.7038197+03:30 [INF] (Microsoft.Hosting.Lifetime) Application is shutting down...
2023-09-23T16:13:18.7170670+03:30 [INF] () Shut down complete
2023-09-23T16:16:02.1826745+03:30 [INF] (Duende.IdentityServer.Startup) Starting Duende IdentityServer version "6.3.3+4b4117844553d1ce52966e37734f2b7cd285de89" (".NET 7.0.11")
2023-09-23T16:16:02.2832856+03:30 [INF] (Duende.IdentityServer.Startup) Using the default authentication scheme "Identity.Application" for IdentityServer
2023-09-23T16:16:02.3425142+03:30 [INF] (Microsoft.AspNetCore.DataProtection.KeyManagement.XmlKeyManager) User profile is available. Using '"C:\Users\a.norozi\AppData\Local\ASP.NET\DataProtection-Keys"' as key repository and Windows DPAPI to encrypt keys at rest.
2023-09-23T16:16:02.3840123+03:30 [INF] (Microsoft.Hosting.Lifetime) Now listening on: "http://localhost:5239"
2023-09-23T16:16:02.3852460+03:30 [INF] (Microsoft.Hosting.Lifetime) Application started. Press Ctrl+C to shut down.
2023-09-23T16:16:02.3857634+03:30 [INF] (Microsoft.Hosting.Lifetime) Hosting environment: "Development"
2023-09-23T16:16:02.3862518+03:30 [INF] (Microsoft.Hosting.Lifetime) Content root path: "C:\Users\a.norozi\RiderProjects\Identityserver\Identityserver"
2023-09-23T16:16:02.7909397+03:30 [INF] (Microsoft.AspNetCore.Hosting.Diagnostics) Request starting HTTP/1.1 GET http://localhost:5239/swagger/index.html - -
2023-09-23T16:16:02.8788287+03:30 [INF] (Microsoft.AspNetCore.Hosting.Diagnostics) Request finished HTTP/1.1 GET http://localhost:5239/swagger/index.html - - - 200 - text/html;charset=utf-8 88.9346ms
2023-09-23T16:16:03.0253219+03:30 [INF] (Microsoft.AspNetCore.Hosting.Diagnostics) Request starting HTTP/1.1 GET http://localhost:5239/swagger/v1/swagger.json - -
2023-09-23T16:16:03.0795739+03:30 [INF] (Microsoft.AspNetCore.Hosting.Diagnostics) Request finished HTTP/1.1 GET http://localhost:5239/swagger/v1/swagger.json - - - 200 - application/json;charset=utf-8 54.2634ms
2023-09-23T16:16:17.8248837+03:30 [INF] (Microsoft.AspNetCore.Hosting.Diagnostics) Request starting HTTP/1.1 GET http://localhost:5239/Api/V1/Users/6e0e1f3c-ac9e-4dad-b57b-cac1e89b5fae - -
2023-09-23T16:16:17.8446949+03:30 [INF] (Microsoft.AspNetCore.Routing.EndpointMiddleware) Executing endpoint '"Identityserver.Controller.UserController.Get (Identityserver)"'
2023-09-23T16:16:17.8551592+03:30 [INF] (Microsoft.AspNetCore.Mvc.Infrastructure.ControllerActionInvoker) Route matched with "{action = \"Get\", controller = \"User\"}". Executing controller action with signature "System.Threading.Tasks.Task`1[Microsoft.AspNetCore.Mvc.ActionResult`1[EntityFramework.DbModels.Users]] Get(System.Guid)" on controller "Identityserver.Controller.UserController" ("Identityserver").
2023-09-23T16:16:18.2120913+03:30 [INF] (Microsoft.AspNetCore.Mvc.Infrastructure.ControllerActionInvoker) Executed action "Identityserver.Controller.UserController.Get (Identityserver)" in 349.6914ms
2023-09-23T16:16:18.2130864+03:30 [INF] (Microsoft.AspNetCore.Routing.EndpointMiddleware) Executed endpoint '"Identityserver.Controller.UserController.Get (Identityserver)"'
2023-09-23T16:16:18.2225541+03:30 [INF] (Microsoft.AspNetCore.Mvc.Infrastructure.ObjectResultExecutor) Executing "ObjectResult", writing value of type '"AutoWrapper.Models.ApiProblemDetails"'.
2023-09-23T16:16:18.2395196+03:30 [INF] (AutoWrapper.AutoWrapperMiddleware) Source:[::1] Request: GET http localhost:5239/Api/V1/Users/6e0e1f3c-ac9e-4dad-b57b-cac1e89b5fae   Responded with [500] in 394ms
2023-09-23T16:16:18.2427316+03:30 [INF] (Microsoft.AspNetCore.Hosting.Diagnostics) Request finished HTTP/1.1 GET http://localhost:5239/Api/V1/Users/6e0e1f3c-ac9e-4dad-b57b-cac1e89b5fae - - - 500 - application/problem+json;+charset=utf-8 417.8621ms
2023-09-23T16:19:14.3062577+03:30 [INF] (Microsoft.Hosting.Lifetime) Application is shutting down...
2023-09-23T16:19:14.3173404+03:30 [INF] () Shut down complete
2023-09-23T16:19:16.1022401+03:30 [INF] (Duende.IdentityServer.Startup) Starting Duende IdentityServer version "6.3.3+4b4117844553d1ce52966e37734f2b7cd285de89" (".NET 7.0.11")
2023-09-23T16:19:16.2077713+03:30 [INF] (Duende.IdentityServer.Startup) Using the default authentication scheme "Identity.Application" for IdentityServer
2023-09-23T16:19:16.2628173+03:30 [INF] (Microsoft.AspNetCore.DataProtection.KeyManagement.XmlKeyManager) User profile is available. Using '"C:\Users\a.norozi\AppData\Local\ASP.NET\DataProtection-Keys"' as key repository and Windows DPAPI to encrypt keys at rest.
2023-09-23T16:19:16.3031506+03:30 [INF] (Microsoft.Hosting.Lifetime) Now listening on: "http://localhost:5239"
2023-09-23T16:19:16.3044854+03:30 [INF] (Microsoft.Hosting.Lifetime) Application started. Press Ctrl+C to shut down.
2023-09-23T16:19:16.3049435+03:30 [INF] (Microsoft.Hosting.Lifetime) Hosting environment: "Development"
2023-09-23T16:19:16.3054112+03:30 [INF] (Microsoft.Hosting.Lifetime) Content root path: "C:\Users\a.norozi\RiderProjects\Identityserver\Identityserver"
2023-09-23T16:19:16.6589535+03:30 [INF] (Microsoft.AspNetCore.Hosting.Diagnostics) Request starting HTTP/1.1 GET http://localhost:5239/swagger/index.html - -
2023-09-23T16:19:16.7464969+03:30 [INF] (Microsoft.AspNetCore.Hosting.Diagnostics) Request finished HTTP/1.1 GET http://localhost:5239/swagger/index.html - - - 200 - text/html;charset=utf-8 88.5896ms
2023-09-23T16:19:16.8868615+03:30 [INF] (Microsoft.AspNetCore.Hosting.Diagnostics) Request starting HTTP/1.1 GET http://localhost:5239/swagger/v1/swagger.json - -
2023-09-23T16:19:16.9493862+03:30 [INF] (Microsoft.AspNetCore.Hosting.Diagnostics) Request finished HTTP/1.1 GET http://localhost:5239/swagger/v1/swagger.json - - - 200 - application/json;charset=utf-8 62.4982ms
2023-09-23T16:19:26.5464246+03:30 [INF] (Microsoft.AspNetCore.Hosting.Diagnostics) Request starting HTTP/1.1 GET http://localhost:5239/Api/V1/Users/6e0e1f3c-ac9e-4dad-b57b-cac1e89b5fae - -
2023-09-23T16:19:26.5652914+03:30 [INF] (Microsoft.AspNetCore.Routing.EndpointMiddleware) Executing endpoint '"Identityserver.Controller.UserController.Get (Identityserver)"'
2023-09-23T16:19:26.5760201+03:30 [INF] (Microsoft.AspNetCore.Mvc.Infrastructure.ControllerActionInvoker) Route matched with "{action = \"Get\", controller = \"User\"}". Executing controller action with signature "System.Threading.Tasks.Task`1[Microsoft.AspNetCore.Mvc.ActionResult`1[EntityFramework.DbModels.Users]] Get(System.Guid)" on controller "Identityserver.Controller.UserController" ("Identityserver").
2023-09-23T16:19:26.9332769+03:30 [INF] (Microsoft.AspNetCore.Mvc.Infrastructure.ControllerActionInvoker) Executed action "Identityserver.Controller.UserController.Get (Identityserver)" in 350.1474ms
2023-09-23T16:19:26.9343303+03:30 [INF] (Microsoft.AspNetCore.Routing.EndpointMiddleware) Executed endpoint '"Identityserver.Controller.UserController.Get (Identityserver)"'
2023-09-23T16:19:26.9435368+03:30 [INF] (Microsoft.AspNetCore.Mvc.Infrastructure.ObjectResultExecutor) Executing "ObjectResult", writing value of type '"AutoWrapper.Models.ApiProblemDetails"'.
2023-09-23T16:19:26.9606197+03:30 [INF] (AutoWrapper.AutoWrapperMiddleware) Source:[::1] Request: GET http localhost:5239/Api/V1/Users/6e0e1f3c-ac9e-4dad-b57b-cac1e89b5fae   Responded with [500] in 395ms
2023-09-23T16:19:26.9638482+03:30 [INF] (Microsoft.AspNetCore.Hosting.Diagnostics) Request finished HTTP/1.1 GET http://localhost:5239/Api/V1/Users/6e0e1f3c-ac9e-4dad-b57b-cac1e89b5fae - - - 500 - application/problem+json;+charset=utf-8 417.4368ms
2023-09-23T16:21:38.6274207+03:30 [INF] (Microsoft.Hosting.Lifetime) Application is shutting down...
2023-09-23T16:21:38.6367527+03:30 [INF] () Shut down complete
2023-09-23T16:23:08.2454262+03:30 [INF] (Duende.IdentityServer.Startup) Starting Duende IdentityServer version "6.3.3+4b4117844553d1ce52966e37734f2b7cd285de89" (".NET 7.0.11")
2023-09-23T16:23:08.3538368+03:30 [INF] (Duende.IdentityServer.Startup) Using the default authentication scheme "Identity.Application" for IdentityServer
2023-09-23T16:23:08.4105230+03:30 [INF] (Microsoft.AspNetCore.DataProtection.KeyManagement.XmlKeyManager) User profile is available. Using '"C:\Users\a.norozi\AppData\Local\ASP.NET\DataProtection-Keys"' as key repository and Windows DPAPI to encrypt keys at rest.
2023-09-23T16:23:08.4527958+03:30 [INF] (Microsoft.Hosting.Lifetime) Now listening on: "http://localhost:5239"
2023-09-23T16:23:08.4541824+03:30 [INF] (Microsoft.Hosting.Lifetime) Application started. Press Ctrl+C to shut down.
2023-09-23T16:23:08.4546396+03:30 [INF] (Microsoft.Hosting.Lifetime) Hosting environment: "Development"
2023-09-23T16:23:08.4551001+03:30 [INF] (Microsoft.Hosting.Lifetime) Content root path: "C:\Users\a.norozi\RiderProjects\Identityserver\Identityserver"
2023-09-23T16:23:08.8050924+03:30 [INF] (Microsoft.AspNetCore.Hosting.Diagnostics) Request starting HTTP/1.1 GET http://localhost:5239/swagger/index.html - -
2023-09-23T16:23:08.8928947+03:30 [INF] (Microsoft.AspNetCore.Hosting.Diagnostics) Request finished HTTP/1.1 GET http://localhost:5239/swagger/index.html - - - 200 - text/html;charset=utf-8 88.9347ms
2023-09-23T16:23:09.0319052+03:30 [INF] (Microsoft.AspNetCore.Hosting.Diagnostics) Request starting HTTP/1.1 GET http://localhost:5239/swagger/v1/swagger.json - -
2023-09-23T16:23:09.0985555+03:30 [INF] (Microsoft.AspNetCore.Hosting.Diagnostics) Request finished HTTP/1.1 GET http://localhost:5239/swagger/v1/swagger.json - - - 200 - application/json;charset=utf-8 66.6192ms
2023-09-23T16:23:16.5871885+03:30 [INF] (Microsoft.AspNetCore.Hosting.Diagnostics) Request starting HTTP/1.1 GET http://localhost:5239/Api/V1/Users/6e0e1f3c-ac9e-4dad-b57b-cac1e89b5fae - -
2023-09-23T16:23:16.6079638+03:30 [INF] (Microsoft.AspNetCore.Routing.EndpointMiddleware) Executing endpoint '"Identityserver.Controller.UserController.Get (Identityserver)"'
2023-09-23T16:23:16.6183529+03:30 [INF] (Microsoft.AspNetCore.Mvc.Infrastructure.ControllerActionInvoker) Route matched with "{action = \"Get\", controller = \"User\"}". Executing controller action with signature "System.Threading.Tasks.Task`1[Microsoft.AspNetCore.Mvc.ActionResult`1[EntityFramework.DbModels.Users]] Get(System.Guid)" on controller "Identityserver.Controller.UserController" ("Identityserver").
2023-09-23T16:23:16.9807216+03:30 [INF] (Microsoft.AspNetCore.Mvc.Infrastructure.ControllerActionInvoker) Executed action "Identityserver.Controller.UserController.Get (Identityserver)" in 354.9216ms
2023-09-23T16:23:16.9819395+03:30 [INF] (Microsoft.AspNetCore.Routing.EndpointMiddleware) Executed endpoint '"Identityserver.Controller.UserController.Get (Identityserver)"'
2023-09-23T16:23:16.9913812+03:30 [INF] (Microsoft.AspNetCore.Mvc.Infrastructure.ObjectResultExecutor) Executing "ObjectResult", writing value of type '"AutoWrapper.Models.ApiProblemDetails"'.
2023-09-23T16:23:17.0082850+03:30 [INF] (AutoWrapper.AutoWrapperMiddleware) Source:[::1] Request: GET http localhost:5239/Api/V1/Users/6e0e1f3c-ac9e-4dad-b57b-cac1e89b5fae   Responded with [500] in 400ms
2023-09-23T16:23:17.0115566+03:30 [INF] (Microsoft.AspNetCore.Hosting.Diagnostics) Request finished HTTP/1.1 GET http://localhost:5239/Api/V1/Users/6e0e1f3c-ac9e-4dad-b57b-cac1e89b5fae - - - 500 - application/problem+json;+charset=utf-8 424.3813ms
2023-09-23T16:24:24.8204522+03:30 [INF] (Microsoft.Hosting.Lifetime) Application is shutting down...
2023-09-23T16:24:24.8331041+03:30 [INF] () Shut down complete
2023-09-23T16:24:58.0889078+03:30 [INF] (Duende.IdentityServer.Startup) Starting Duende IdentityServer version "6.3.3+4b4117844553d1ce52966e37734f2b7cd285de89" (".NET 7.0.11")
2023-09-23T16:24:58.1897703+03:30 [INF] (Duende.IdentityServer.Startup) Using the default authentication scheme "Identity.Application" for IdentityServer
2023-09-23T16:24:58.2464041+03:30 [INF] (Microsoft.AspNetCore.DataProtection.KeyManagement.XmlKeyManager) User profile is available. Using '"C:\Users\a.norozi\AppData\Local\ASP.NET\DataProtection-Keys"' as key repository and Windows DPAPI to encrypt keys at rest.
2023-09-23T16:24:58.2884913+03:30 [INF] (Microsoft.Hosting.Lifetime) Now listening on: "http://localhost:5239"
2023-09-23T16:24:58.2898217+03:30 [INF] (Microsoft.Hosting.Lifetime) Application started. Press Ctrl+C to shut down.
2023-09-23T16:24:58.2902716+03:30 [INF] (Microsoft.Hosting.Lifetime) Hosting environment: "Development"
2023-09-23T16:24:58.2907925+03:30 [INF] (Microsoft.Hosting.Lifetime) Content root path: "C:\Users\a.norozi\RiderProjects\Identityserver\Identityserver"
2023-09-23T16:24:58.5930610+03:30 [INF] (Microsoft.AspNetCore.Hosting.Diagnostics) Request starting HTTP/1.1 GET http://localhost:5239/swagger/index.html - -
2023-09-23T16:24:58.6855598+03:30 [INF] (Microsoft.AspNetCore.Hosting.Diagnostics) Request finished HTTP/1.1 GET http://localhost:5239/swagger/index.html - - - 200 - text/html;charset=utf-8 93.5391ms
2023-09-23T16:24:58.8266532+03:30 [INF] (Microsoft.AspNetCore.Hosting.Diagnostics) Request starting HTTP/1.1 GET http://localhost:5239/swagger/v1/swagger.json - -
2023-09-23T16:24:58.8966001+03:30 [INF] (Microsoft.AspNetCore.Hosting.Diagnostics) Request finished HTTP/1.1 GET http://localhost:5239/swagger/v1/swagger.json - - - 200 - application/json;charset=utf-8 69.9582ms
2023-09-23T16:25:04.9335604+03:30 [INF] (Microsoft.AspNetCore.Hosting.Diagnostics) Request starting HTTP/1.1 GET http://localhost:5239/Api/V1/Users/6e0e1f3c-ac9e-4dad-b57b-cac1e89b5fae - -
2023-09-23T16:25:04.9562583+03:30 [INF] (Microsoft.AspNetCore.Routing.EndpointMiddleware) Executing endpoint '"Identityserver.Controller.UserController.Get (Identityserver)"'
2023-09-23T16:25:04.9667824+03:30 [INF] (Microsoft.AspNetCore.Mvc.Infrastructure.ControllerActionInvoker) Route matched with "{action = \"Get\", controller = \"User\"}". Executing controller action with signature "System.Threading.Tasks.Task`1[Microsoft.AspNetCore.Mvc.ActionResult`1[EntityFramework.DbModels.Users]] Get(System.Guid)" on controller "Identityserver.Controller.UserController" ("Identityserver").
2023-09-23T16:25:05.3142127+03:30 [INF] (Microsoft.AspNetCore.Mvc.Infrastructure.ControllerActionInvoker) Executed action "Identityserver.Controller.UserController.Get (Identityserver)" in 340.3031ms
2023-09-23T16:25:05.3158121+03:30 [INF] (Microsoft.AspNetCore.Routing.EndpointMiddleware) Executed endpoint '"Identityserver.Controller.UserController.Get (Identityserver)"'
2023-09-23T16:25:05.3249332+03:30 [INF] (Microsoft.AspNetCore.Mvc.Infrastructure.ObjectResultExecutor) Executing "ObjectResult", writing value of type '"AutoWrapper.Models.ApiProblemDetails"'.
2023-09-23T16:25:05.3411250+03:30 [INF] (AutoWrapper.AutoWrapperMiddleware) Source:[::1] Request: GET http localhost:5239/Api/V1/Users/6e0e1f3c-ac9e-4dad-b57b-cac1e89b5fae   Responded with [500] in 384ms
2023-09-23T16:25:05.3443860+03:30 [INF] (Microsoft.AspNetCore.Hosting.Diagnostics) Request finished HTTP/1.1 GET http://localhost:5239/Api/V1/Users/6e0e1f3c-ac9e-4dad-b57b-cac1e89b5fae - - - 500 - application/problem+json;+charset=utf-8 410.8496ms
2023-09-23T16:25:24.7534117+03:30 [INF] (Microsoft.Hosting.Lifetime) Application is shutting down...
2023-09-23T16:25:24.7646829+03:30 [INF] () Shut down complete
2023-09-23T16:25:27.2812890+03:30 [INF] (Duende.IdentityServer.Startup) Starting Duende IdentityServer version "6.3.3+4b4117844553d1ce52966e37734f2b7cd285de89" (".NET 7.0.11")
2023-09-23T16:25:27.3849484+03:30 [INF] (Duende.IdentityServer.Startup) Using the default authentication scheme "Identity.Application" for IdentityServer
2023-09-23T16:25:27.4422469+03:30 [INF] (Microsoft.AspNetCore.DataProtection.KeyManagement.XmlKeyManager) User profile is available. Using '"C:\Users\a.norozi\AppData\Local\ASP.NET\DataProtection-Keys"' as key repository and Windows DPAPI to encrypt keys at rest.
2023-09-23T16:25:27.4827457+03:30 [INF] (Microsoft.Hosting.Lifetime) Now listening on: "http://localhost:5239"
2023-09-23T16:25:27.4840667+03:30 [INF] (Microsoft.Hosting.Lifetime) Application started. Press Ctrl+C to shut down.
2023-09-23T16:25:27.4844998+03:30 [INF] (Microsoft.Hosting.Lifetime) Hosting environment: "Development"
2023-09-23T16:25:27.4849640+03:30 [INF] (Microsoft.Hosting.Lifetime) Content root path: "C:\Users\a.norozi\RiderProjects\Identityserver\Identityserver"
2023-09-23T16:25:27.8728920+03:30 [INF] (Microsoft.AspNetCore.Hosting.Diagnostics) Request starting HTTP/1.1 GET http://localhost:5239/swagger/index.html - -
2023-09-23T16:25:27.9629053+03:30 [INF] (Microsoft.AspNetCore.Hosting.Diagnostics) Request finished HTTP/1.1 GET http://localhost:5239/swagger/index.html - - - 200 - text/html;charset=utf-8 91.1657ms
2023-09-23T16:25:28.1135923+03:30 [INF] (Microsoft.AspNetCore.Hosting.Diagnostics) Request starting HTTP/1.1 GET http://localhost:5239/swagger/v1/swagger.json - -
2023-09-23T16:25:28.1814679+03:30 [INF] (Microsoft.AspNetCore.Hosting.Diagnostics) Request finished HTTP/1.1 GET http://localhost:5239/swagger/v1/swagger.json - - - 200 - application/json;charset=utf-8 67.9004ms
2023-09-23T16:25:31.6631263+03:30 [INF] (Microsoft.AspNetCore.Hosting.Diagnostics) Request starting HTTP/1.1 GET http://localhost:5239/Api/V1/Users/6e0e1f3c-ac9e-4dad-b57b-cac1e89b5fae - -
2023-09-23T16:25:31.6825809+03:30 [INF] (Microsoft.AspNetCore.Routing.EndpointMiddleware) Executing endpoint '"Identityserver.Controller.UserController.Get (Identityserver)"'
2023-09-23T16:25:31.6935769+03:30 [INF] (Microsoft.AspNetCore.Mvc.Infrastructure.ControllerActionInvoker) Route matched with "{action = \"Get\", controller = \"User\"}". Executing controller action with signature "System.Threading.Tasks.Task`1[Microsoft.AspNetCore.Mvc.ActionResult`1[EntityFramework.DbModels.Users]] Get(System.Guid)" on controller "Identityserver.Controller.UserController" ("Identityserver").
2023-09-23T16:25:32.0449573+03:30 [INF] (Microsoft.AspNetCore.Mvc.Infrastructure.ControllerActionInvoker) Executed action "Identityserver.Controller.UserController.Get (Identityserver)" in 344.608ms
2023-09-23T16:25:32.0459410+03:30 [INF] (Microsoft.AspNetCore.Routing.EndpointMiddleware) Executed endpoint '"Identityserver.Controller.UserController.Get (Identityserver)"'
2023-09-23T16:25:32.0550000+03:30 [INF] (Microsoft.AspNetCore.Mvc.Infrastructure.ObjectResultExecutor) Executing "ObjectResult", writing value of type '"AutoWrapper.Models.ApiProblemDetails"'.
2023-09-23T16:25:32.0725010+03:30 [INF] (AutoWrapper.AutoWrapperMiddleware) Source:[::1] Request: GET http localhost:5239/Api/V1/Users/6e0e1f3c-ac9e-4dad-b57b-cac1e89b5fae   Responded with [500] in 389ms
2023-09-23T16:25:32.0757312+03:30 [INF] (Microsoft.AspNetCore.Hosting.Diagnostics) Request finished HTTP/1.1 GET http://localhost:5239/Api/V1/Users/6e0e1f3c-ac9e-4dad-b57b-cac1e89b5fae - - - 500 - application/problem+json;+charset=utf-8 412.6138ms
2023-09-23T16:26:34.2139604+03:30 [INF] (Microsoft.Hosting.Lifetime) Application is shutting down...
2023-09-23T16:26:34.2284661+03:30 [INF] () Shut down complete
2023-09-23T16:57:00.1210801+03:30 [INF] (Duende.IdentityServer.Startup) Starting Duende IdentityServer version "6.3.3+4b4117844553d1ce52966e37734f2b7cd285de89" (".NET 7.0.11")
2023-09-23T16:57:00.2394414+03:30 [INF] (Duende.IdentityServer.Startup) Using the default authentication scheme "Identity.Application" for IdentityServer
2023-09-23T16:57:00.3038683+03:30 [INF] (Microsoft.AspNetCore.DataProtection.KeyManagement.XmlKeyManager) User profile is available. Using '"C:\Users\a.norozi\AppData\Local\ASP.NET\DataProtection-Keys"' as key repository and Windows DPAPI to encrypt keys at rest.
2023-09-23T16:57:00.3480527+03:30 [INF] (Microsoft.Hosting.Lifetime) Now listening on: "http://localhost:5239"
2023-09-23T16:57:00.3492225+03:30 [INF] (Microsoft.Hosting.Lifetime) Application started. Press Ctrl+C to shut down.
2023-09-23T16:57:00.3496545+03:30 [INF] (Microsoft.Hosting.Lifetime) Hosting environment: "Development"
2023-09-23T16:57:00.3501170+03:30 [INF] (Microsoft.Hosting.Lifetime) Content root path: "C:\Users\a.norozi\RiderProjects\Identityserver\Identityserver"
2023-09-23T16:57:00.7049659+03:30 [INF] (Microsoft.AspNetCore.Hosting.Diagnostics) Request starting HTTP/1.1 GET http://localhost:5239/swagger/index.html - -
2023-09-23T16:57:00.7927151+03:30 [INF] (Microsoft.AspNetCore.Hosting.Diagnostics) Request finished HTTP/1.1 GET http://localhost:5239/swagger/index.html - - - 200 - text/html;charset=utf-8 88.8885ms
2023-09-23T16:57:00.9335879+03:30 [INF] (Microsoft.AspNetCore.Hosting.Diagnostics) Request starting HTTP/1.1 GET http://localhost:5239/swagger/v1/swagger.json - -
2023-09-23T16:57:00.9986697+03:30 [INF] (Microsoft.AspNetCore.Hosting.Diagnostics) Request finished HTTP/1.1 GET http://localhost:5239/swagger/v1/swagger.json - - - 200 - application/json;charset=utf-8 65.0812ms
2023-09-23T16:57:18.5005369+03:30 [INF] (Microsoft.AspNetCore.Hosting.Diagnostics) Request starting HTTP/1.1 GET http://localhost:5239/Api/V1/Users/da75d439-f9a9-4938-8022-4e751fd02248 - -
2023-09-23T16:57:18.5202173+03:30 [INF] (Microsoft.AspNetCore.Routing.EndpointMiddleware) Executing endpoint '"Identityserver.Controller.UserController.Get (Identityserver)"'
2023-09-23T16:57:18.5303886+03:30 [INF] (Microsoft.AspNetCore.Mvc.Infrastructure.ControllerActionInvoker) Route matched with "{action = \"Get\", controller = \"User\"}". Executing controller action with signature "System.Threading.Tasks.Task`1[Microsoft.AspNetCore.Mvc.ActionResult`1[EntityFramework.DbModels.Users]] Get(System.Guid)" on controller "Identityserver.Controller.UserController" ("Identityserver").
2023-09-23T16:57:18.8956318+03:30 [INF] (Microsoft.AspNetCore.Mvc.Infrastructure.ControllerActionInvoker) Executed action "Identityserver.Controller.UserController.Get (Identityserver)" in 358.0442ms
2023-09-23T16:57:18.8968813+03:30 [INF] (Microsoft.AspNetCore.Routing.EndpointMiddleware) Executed endpoint '"Identityserver.Controller.UserController.Get (Identityserver)"'
2023-09-23T16:57:18.9070208+03:30 [INF] (Microsoft.AspNetCore.Mvc.Infrastructure.ObjectResultExecutor) Executing "ObjectResult", writing value of type '"AutoWrapper.Models.ApiProblemDetails"'.
2023-09-23T16:57:18.9243906+03:30 [INF] (AutoWrapper.AutoWrapperMiddleware) Source:[::1] Request: GET http localhost:5239/Api/V1/Users/da75d439-f9a9-4938-8022-4e751fd02248   Responded with [500] in 404ms
2023-09-23T16:57:18.9279014+03:30 [INF] (Microsoft.AspNetCore.Hosting.Diagnostics) Request finished HTTP/1.1 GET http://localhost:5239/Api/V1/Users/da75d439-f9a9-4938-8022-4e751fd02248 - - - 500 - application/problem+json;+charset=utf-8 427.4121ms
2023-09-23T16:57:32.8078205+03:30 [INF] (Microsoft.Hosting.Lifetime) Application is shutting down...
2023-09-23T16:57:32.8213194+03:30 [INF] () Shut down complete
2023-09-23T17:14:14.1025926+03:30 [INF] (Duende.IdentityServer.Startup) Starting Duende IdentityServer version "6.3.3+4b4117844553d1ce52966e37734f2b7cd285de89" (".NET 7.0.11")
2023-09-23T17:14:14.2142979+03:30 [INF] (Duende.IdentityServer.Startup) Using the default authentication scheme "Identity.Application" for IdentityServer
2023-09-23T17:14:14.2749429+03:30 [INF] (Microsoft.AspNetCore.DataProtection.KeyManagement.XmlKeyManager) User profile is available. Using '"C:\Users\a.norozi\AppData\Local\ASP.NET\DataProtection-Keys"' as key repository and Windows DPAPI to encrypt keys at rest.
2023-09-23T17:14:14.3229550+03:30 [INF] (Microsoft.Hosting.Lifetime) Now listening on: "http://localhost:5239"
2023-09-23T17:14:14.3247100+03:30 [INF] (Microsoft.Hosting.Lifetime) Application started. Press Ctrl+C to shut down.
2023-09-23T17:14:14.3252153+03:30 [INF] (Microsoft.Hosting.Lifetime) Hosting environment: "Development"
2023-09-23T17:14:14.3257489+03:30 [INF] (Microsoft.Hosting.Lifetime) Content root path: "C:\Users\a.norozi\RiderProjects\Identityserver\Identityserver"
2023-09-23T17:14:14.6239653+03:30 [INF] (Microsoft.AspNetCore.Hosting.Diagnostics) Request starting HTTP/1.1 GET http://localhost:5239/swagger/index.html - -
2023-09-23T17:14:14.7197826+03:30 [INF] (Microsoft.AspNetCore.Hosting.Diagnostics) Request finished HTTP/1.1 GET http://localhost:5239/swagger/index.html - - - 200 - text/html;charset=utf-8 96.9339ms
2023-09-23T17:14:14.9001511+03:30 [INF] (Microsoft.AspNetCore.Hosting.Diagnostics) Request starting HTTP/1.1 GET http://localhost:5239/swagger/v1/swagger.json - -
2023-09-23T17:14:14.9688647+03:30 [INF] (Microsoft.AspNetCore.Hosting.Diagnostics) Request finished HTTP/1.1 GET http://localhost:5239/swagger/v1/swagger.json - - - 200 - application/json;charset=utf-8 68.6430ms
2023-09-23T17:14:30.8992151+03:30 [INF] (Microsoft.AspNetCore.Hosting.Diagnostics) Request starting HTTP/1.1 GET http://localhost:5239/Api/V1/Users/fe5b2d06-9992-4234-a652-7fd96726812a - -
2023-09-23T17:14:30.9199392+03:30 [INF] (Microsoft.AspNetCore.Routing.EndpointMiddleware) Executing endpoint '"Identityserver.Controller.UserController.Get (Identityserver)"'
2023-09-23T17:14:30.9303935+03:30 [INF] (Microsoft.AspNetCore.Mvc.Infrastructure.ControllerActionInvoker) Route matched with "{action = \"Get\", controller = \"User\"}". Executing controller action with signature "System.Threading.Tasks.Task`1[Microsoft.AspNetCore.Mvc.ActionResult`1[EntityFramework.DbModels.Users]] Get(System.Guid)" on controller "Identityserver.Controller.UserController" ("Identityserver").
2023-09-23T17:14:31.2942074+03:30 [INF] (Microsoft.AspNetCore.Mvc.Infrastructure.ControllerActionInvoker) Executed action "Identityserver.Controller.UserController.Get (Identityserver)" in 356.9906ms
2023-09-23T17:14:31.2954358+03:30 [INF] (Microsoft.AspNetCore.Routing.EndpointMiddleware) Executed endpoint '"Identityserver.Controller.UserController.Get (Identityserver)"'
2023-09-23T17:14:31.3051429+03:30 [INF] (Microsoft.AspNetCore.Mvc.Infrastructure.ObjectResultExecutor) Executing "ObjectResult", writing value of type '"AutoWrapper.Models.ApiProblemDetails"'.
2023-09-23T17:14:31.3240243+03:30 [INF] (AutoWrapper.AutoWrapperMiddleware) Source:[::1] Request: GET http localhost:5239/Api/V1/Users/fe5b2d06-9992-4234-a652-7fd96726812a   Responded with [500] in 403ms
2023-09-23T17:14:31.3273922+03:30 [INF] (Microsoft.AspNetCore.Hosting.Diagnostics) Request finished HTTP/1.1 GET http://localhost:5239/Api/V1/Users/fe5b2d06-9992-4234-a652-7fd96726812a - - - 500 - application/problem+json;+charset=utf-8 428.1785ms
2023-09-23T17:15:48.5213900+03:30 [INF] (Microsoft.Hosting.Lifetime) Application is shutting down...
2023-09-23T17:15:48.5350717+03:30 [INF] () Shut down complete
2023-09-23T17:20:40.5231386+03:30 [INF] (Duende.IdentityServer.Startup) Starting Duende IdentityServer version "6.3.3+4b4117844553d1ce52966e37734f2b7cd285de89" (".NET 7.0.11")
2023-09-23T17:20:40.6578581+03:30 [INF] (Duende.IdentityServer.Startup) Using the default authentication scheme "Identity.Application" for IdentityServer
2023-09-23T17:20:40.7479013+03:30 [INF] (Microsoft.AspNetCore.DataProtection.KeyManagement.XmlKeyManager) User profile is available. Using '"C:\Users\a.norozi\AppData\Local\ASP.NET\DataProtection-Keys"' as key repository and Windows DPAPI to encrypt keys at rest.
2023-09-23T17:20:40.8049905+03:30 [INF] (Microsoft.Hosting.Lifetime) Now listening on: "http://localhost:5239"
2023-09-23T17:20:40.8063916+03:30 [INF] (Microsoft.Hosting.Lifetime) Application started. Press Ctrl+C to shut down.
2023-09-23T17:20:40.8068726+03:30 [INF] (Microsoft.Hosting.Lifetime) Hosting environment: "Development"
2023-09-23T17:20:40.8074029+03:30 [INF] (Microsoft.Hosting.Lifetime) Content root path: "C:\Users\a.norozi\RiderProjects\Identityserver\Identityserver"
2023-09-23T17:20:41.0441408+03:30 [INF] (Microsoft.AspNetCore.Hosting.Diagnostics) Request starting HTTP/1.1 GET http://localhost:5239/swagger/index.html - -
2023-09-23T17:20:41.1516649+03:30 [INF] (Microsoft.AspNetCore.Hosting.Diagnostics) Request finished HTTP/1.1 GET http://localhost:5239/swagger/index.html - - - 200 - text/html;charset=utf-8 108.5389ms
2023-09-23T17:20:41.2291915+03:30 [INF] (Microsoft.AspNetCore.Hosting.Diagnostics) Request starting HTTP/1.1 GET http://localhost:5239/swagger/v1/swagger.json - -
2023-09-23T17:20:41.3058786+03:30 [INF] (Microsoft.AspNetCore.Hosting.Diagnostics) Request finished HTTP/1.1 GET http://localhost:5239/swagger/v1/swagger.json - - - 200 - application/json;charset=utf-8 76.6772ms
2023-09-23T17:20:58.0482734+03:30 [INF] (Microsoft.AspNetCore.Hosting.Diagnostics) Request starting HTTP/1.1 GET http://localhost:5239/Api/V1/Users/6e0e1f3c-ac9e-4dad-b57b-cac1e89b5fae - -
2023-09-23T17:20:58.0688842+03:30 [INF] (Microsoft.AspNetCore.Routing.EndpointMiddleware) Executing endpoint '"Identityserver.Controller.UserController.Get (Identityserver)"'
2023-09-23T17:20:58.0793822+03:30 [INF] (Microsoft.AspNetCore.Mvc.Infrastructure.ControllerActionInvoker) Route matched with "{action = \"Get\", controller = \"User\"}". Executing controller action with signature "System.Threading.Tasks.Task`1[Microsoft.AspNetCore.Mvc.ActionResult`1[EntityFramework.DbModels.Users]] Get(System.Guid)" on controller "Identityserver.Controller.UserController" ("Identityserver").
2023-09-23T17:20:58.4751058+03:30 [INF] (Microsoft.AspNetCore.Mvc.Infrastructure.ControllerActionInvoker) Executed action "Identityserver.Controller.UserController.Get (Identityserver)" in 388.2643ms
2023-09-23T17:20:58.4762882+03:30 [INF] (Microsoft.AspNetCore.Routing.EndpointMiddleware) Executed endpoint '"Identityserver.Controller.UserController.Get (Identityserver)"'
2023-09-23T17:20:58.4858827+03:30 [INF] (Microsoft.AspNetCore.Mvc.Infrastructure.ObjectResultExecutor) Executing "ObjectResult", writing value of type '"AutoWrapper.Models.ApiProblemDetails"'.
2023-09-23T17:20:58.5026050+03:30 [INF] (AutoWrapper.AutoWrapperMiddleware) Source:[::1] Request: GET http localhost:5239/Api/V1/Users/6e0e1f3c-ac9e-4dad-b57b-cac1e89b5fae   Responded with [500] in 433ms
2023-09-23T17:20:58.5064995+03:30 [INF] (Microsoft.AspNetCore.Hosting.Diagnostics) Request finished HTTP/1.1 GET http://localhost:5239/Api/V1/Users/6e0e1f3c-ac9e-4dad-b57b-cac1e89b5fae - - - 500 - application/problem+json;+charset=utf-8 458.2327ms
2023-09-23T17:21:05.9993885+03:30 [INF] (Microsoft.Hosting.Lifetime) Application is shutting down...
2023-09-23T17:21:06.0116790+03:30 [INF] () Shut down complete
2023-09-23T17:22:37.8530529+03:30 [INF] (Duende.IdentityServer.Startup) Starting Duende IdentityServer version "6.3.3+4b4117844553d1ce52966e37734f2b7cd285de89" (".NET 7.0.11")
2023-09-23T17:22:37.9606592+03:30 [INF] (Duende.IdentityServer.Startup) Using the default authentication scheme "Identity.Application" for IdentityServer
2023-09-23T17:22:38.0179426+03:30 [INF] (Microsoft.AspNetCore.DataProtection.KeyManagement.XmlKeyManager) User profile is available. Using '"C:\Users\a.norozi\AppData\Local\ASP.NET\DataProtection-Keys"' as key repository and Windows DPAPI to encrypt keys at rest.
2023-09-23T17:22:38.0628338+03:30 [INF] (Microsoft.Hosting.Lifetime) Now listening on: "http://localhost:5239"
2023-09-23T17:22:38.0643608+03:30 [INF] (Microsoft.Hosting.Lifetime) Application started. Press Ctrl+C to shut down.
2023-09-23T17:22:38.0649321+03:30 [INF] (Microsoft.Hosting.Lifetime) Hosting environment: "Development"
2023-09-23T17:22:38.0654444+03:30 [INF] (Microsoft.Hosting.Lifetime) Content root path: "C:\Users\a.norozi\RiderProjects\Identityserver\Identityserver"
2023-09-23T17:22:38.3947015+03:30 [INF] (Microsoft.AspNetCore.Hosting.Diagnostics) Request starting HTTP/1.1 GET http://localhost:5239/swagger/index.html - -
2023-09-23T17:22:38.4862448+03:30 [INF] (Microsoft.AspNetCore.Hosting.Diagnostics) Request finished HTTP/1.1 GET http://localhost:5239/swagger/index.html - - - 200 - text/html;charset=utf-8 92.6558ms
2023-09-23T17:22:38.5587818+03:30 [INF] (Microsoft.AspNetCore.Hosting.Diagnostics) Request starting HTTP/1.1 GET http://localhost:5239/swagger/v1/swagger.json - -
2023-09-23T17:22:38.6178164+03:30 [INF] (Microsoft.AspNetCore.Hosting.Diagnostics) Request finished HTTP/1.1 GET http://localhost:5239/swagger/v1/swagger.json - - - 200 - application/json;charset=utf-8 59.0208ms
2023-09-23T17:23:01.4681054+03:30 [INF] (Microsoft.AspNetCore.Hosting.Diagnostics) Request starting HTTP/1.1 GET http://localhost:5239/Api/V1/Users/6e0e1f3c-ac9e-4dad-b57b-cac1e89b5fae - -
2023-09-23T17:23:01.4907050+03:30 [INF] (Microsoft.AspNetCore.Routing.EndpointMiddleware) Executing endpoint '"Identityserver.Controller.UserController.Get (Identityserver)"'
2023-09-23T17:23:01.5009801+03:30 [INF] (Microsoft.AspNetCore.Mvc.Infrastructure.ControllerActionInvoker) Route matched with "{action = \"Get\", controller = \"User\"}". Executing controller action with signature "System.Threading.Tasks.Task`1[Microsoft.AspNetCore.Mvc.ActionResult`1[EntityFramework.DbModels.Users]] Get(System.Guid)" on controller "Identityserver.Controller.UserController" ("Identityserver").
2023-09-23T17:23:14.8591970+03:30 [INF] (Microsoft.AspNetCore.Mvc.Infrastructure.ControllerActionInvoker) Executed action "Identityserver.Controller.UserController.Get (Identityserver)" in 13350.0181ms
2023-09-23T17:23:14.8611958+03:30 [INF] (Microsoft.AspNetCore.Routing.EndpointMiddleware) Executed endpoint '"Identityserver.Controller.UserController.Get (Identityserver)"'
2023-09-23T17:23:14.8722108+03:30 [INF] (Microsoft.AspNetCore.Mvc.Infrastructure.ObjectResultExecutor) Executing "ObjectResult", writing value of type '"AutoWrapper.Models.ApiProblemDetails"'.
2023-09-23T17:23:14.8911187+03:30 [INF] (AutoWrapper.AutoWrapperMiddleware) Source:[::1] Request: GET http localhost:5239/Api/V1/Users/6e0e1f3c-ac9e-4dad-b57b-cac1e89b5fae   Responded with [500] in 13400ms
2023-09-23T17:23:14.8944171+03:30 [INF] (Microsoft.AspNetCore.Hosting.Diagnostics) Request finished HTTP/1.1 GET http://localhost:5239/Api/V1/Users/6e0e1f3c-ac9e-4dad-b57b-cac1e89b5fae - - - 500 - application/problem+json;+charset=utf-8 13426.3187ms
2023-09-23T17:23:25.0889711+03:30 [INF] (Microsoft.Hosting.Lifetime) Application is shutting down...
2023-09-23T17:23:25.1026909+03:30 [INF] () Shut down complete
2023-09-23T17:25:32.1575647+03:30 [INF] (Duende.IdentityServer.Startup) Starting Duende IdentityServer version "6.3.3+4b4117844553d1ce52966e37734f2b7cd285de89" (".NET 7.0.11")
2023-09-23T17:25:32.3308154+03:30 [INF] (Duende.IdentityServer.Startup) Using the default authentication scheme "Identity.Application" for IdentityServer
2023-09-23T17:25:32.3881291+03:30 [INF] (Microsoft.AspNetCore.DataProtection.KeyManagement.XmlKeyManager) User profile is available. Using '"C:\Users\a.norozi\AppData\Local\ASP.NET\DataProtection-Keys"' as key repository and Windows DPAPI to encrypt keys at rest.
2023-09-23T17:25:32.4309941+03:30 [INF] (Microsoft.Hosting.Lifetime) Now listening on: "http://localhost:5239"
2023-09-23T17:25:32.4323703+03:30 [INF] (Microsoft.Hosting.Lifetime) Application started. Press Ctrl+C to shut down.
2023-09-23T17:25:32.4329772+03:30 [INF] (Microsoft.Hosting.Lifetime) Hosting environment: "Development"
2023-09-23T17:25:32.4334850+03:30 [INF] (Microsoft.Hosting.Lifetime) Content root path: "C:\Users\a.norozi\RiderProjects\Identityserver\Identityserver"
2023-09-23T17:25:32.7036322+03:30 [INF] (Microsoft.AspNetCore.Hosting.Diagnostics) Request starting HTTP/1.1 GET http://localhost:5239/swagger/index.html - -
2023-09-23T17:25:32.7931481+03:30 [INF] (Microsoft.AspNetCore.Hosting.Diagnostics) Request finished HTTP/1.1 GET http://localhost:5239/swagger/index.html - - - 200 - text/html;charset=utf-8 91.0958ms
2023-09-23T17:25:32.8666575+03:30 [INF] (Microsoft.AspNetCore.Hosting.Diagnostics) Request starting HTTP/1.1 GET http://localhost:5239/swagger/v1/swagger.json - -
2023-09-23T17:25:32.9242148+03:30 [INF] (Microsoft.AspNetCore.Hosting.Diagnostics) Request finished HTTP/1.1 GET http://localhost:5239/swagger/v1/swagger.json - - - 200 - application/json;charset=utf-8 57.5485ms
2023-09-23T17:25:46.5227284+03:30 [INF] (Microsoft.AspNetCore.Hosting.Diagnostics) Request starting HTTP/1.1 GET http://localhost:5239/Api/V1/Users/2de54eae-6475-4e88-b066-8eb608fcc8ef - -
2023-09-23T17:25:46.5423250+03:30 [INF] (Microsoft.AspNetCore.Routing.EndpointMiddleware) Executing endpoint '"Identityserver.Controller.UserController.Get (Identityserver)"'
2023-09-23T17:25:46.5528291+03:30 [INF] (Microsoft.AspNetCore.Mvc.Infrastructure.ControllerActionInvoker) Route matched with "{action = \"Get\", controller = \"User\"}". Executing controller action with signature "System.Threading.Tasks.Task`1[Microsoft.AspNetCore.Mvc.ActionResult`1[EntityFramework.DbModels.Users]] Get(System.String)" on controller "Identityserver.Controller.UserController" ("Identityserver").
2023-09-23T17:25:46.9116824+03:30 [INF] (Microsoft.AspNetCore.Mvc.Infrastructure.ControllerActionInvoker) Executed action "Identityserver.Controller.UserController.Get (Identityserver)" in 351.8656ms
2023-09-23T17:25:46.9129024+03:30 [INF] (Microsoft.AspNetCore.Routing.EndpointMiddleware) Executed endpoint '"Identityserver.Controller.UserController.Get (Identityserver)"'
2023-09-23T17:25:46.9223599+03:30 [INF] (Microsoft.AspNetCore.Mvc.Infrastructure.ObjectResultExecutor) Executing "ObjectResult", writing value of type '"AutoWrapper.Models.ApiProblemDetails"'.
2023-09-23T17:25:46.9396911+03:30 [INF] (AutoWrapper.AutoWrapperMiddleware) Source:[::1] Request: GET http localhost:5239/Api/V1/Users/2de54eae-6475-4e88-b066-8eb608fcc8ef   Responded with [500] in 397ms
2023-09-23T17:25:46.9432633+03:30 [INF] (Microsoft.AspNetCore.Hosting.Diagnostics) Request finished HTTP/1.1 GET http://localhost:5239/Api/V1/Users/2de54eae-6475-4e88-b066-8eb608fcc8ef - - - 500 - application/problem+json;+charset=utf-8 420.5592ms
2023-09-23T17:26:18.4181231+03:30 [INF] (Microsoft.Hosting.Lifetime) Application is shutting down...
2023-09-23T17:26:18.4326217+03:30 [INF] () Shut down complete
