2023-09-19T14:19:26.8481362+03:30 [INF] () Shut down complete
2023-09-19T14:20:02.5569746+03:30 [INF] (Duende.IdentityServer.Startup) Starting Duende IdentityServer version "6.3.3+4b4117844553d1ce52966e37734f2b7cd285de89" (".NET 7.0.11")
2023-09-19T14:20:02.6566166+03:30 [INF] (Duende.IdentityServer.Startup) Using the default authentication scheme "idsrv" for IdentityServer
2023-09-19T14:20:02.7124658+03:30 [INF] (Microsoft.AspNetCore.DataProtection.KeyManagement.XmlKeyManager) User profile is available. Using '"C:\Users\a.norozi\AppData\Local\ASP.NET\DataProtection-Keys"' as key repository and Windows DPAPI to encrypt keys at rest.
2023-09-19T14:20:02.7546203+03:30 [INF] (Microsoft.Hosting.Lifetime) Now listening on: "http://localhost:5239"
2023-09-19T14:20:02.7560708+03:30 [INF] (Microsoft.Hosting.Lifetime) Application started. Press Ctrl+C to shut down.
2023-09-19T14:20:02.7565274+03:30 [INF] (Microsoft.Hosting.Lifetime) Hosting environment: "Development"
2023-09-19T14:20:02.7570121+03:30 [INF] (Microsoft.Hosting.Lifetime) Content root path: "C:\Users\a.norozi\RiderProjects\Identityserver\Identityserver"
2023-09-19T14:20:03.1583841+03:30 [INF] (Microsoft.AspNetCore.Hosting.Diagnostics) Request starting HTTP/1.1 GET http://localhost:5239/swagger/index.html - -
2023-09-19T14:20:03.2486468+03:30 [INF] (Microsoft.AspNetCore.Hosting.Diagnostics) Request finished HTTP/1.1 GET http://localhost:5239/swagger/index.html - - - 200 - text/html;charset=utf-8 91.2784ms
2023-09-19T14:20:03.3239465+03:30 [INF] (Microsoft.AspNetCore.Hosting.Diagnostics) Request starting HTTP/1.1 GET http://localhost:5239/swagger/v1/swagger.json - -
2023-09-19T14:20:03.3839897+03:30 [INF] (Microsoft.AspNetCore.Hosting.Diagnostics) Request finished HTTP/1.1 GET http://localhost:5239/swagger/v1/swagger.json - - - 200 - application/json;charset=utf-8 60.0352ms
2023-09-19T14:20:24.4516140+03:30 [INF] (Microsoft.AspNetCore.Hosting.Diagnostics) Request starting HTTP/1.1 POST http://localhost:5239/Api/V1/Users application/json 275
2023-09-19T14:20:24.4599087+03:30 [INF] (Microsoft.AspNetCore.Cors.Infrastructure.CorsMiddleware) No CORS policy found for the specified request.
2023-09-19T14:20:24.4763991+03:30 [INF] (Microsoft.AspNetCore.Routing.EndpointMiddleware) Executing endpoint '"Identityserver.Controller.UserController.Post (Identityserver)"'
2023-09-19T14:20:24.4864339+03:30 [INF] (Microsoft.AspNetCore.Mvc.Infrastructure.ControllerActionInvoker) Route matched with "{action = \"Post\", controller = \"User\"}". Executing controller action with signature "System.Threading.Tasks.Task`1[Microsoft.AspNetCore.Mvc.ActionResult`1[DataAccess.RequestModel.UsersDto]] Post(DataAccess.RequestModel.UsersDto)" on controller "Identityserver.Controller.UserController" ("Identityserver").
2023-09-19T14:20:24.8598719+03:30 [INF] (Microsoft.AspNetCore.Mvc.Infrastructure.ControllerActionInvoker) Executed action "Identityserver.Controller.UserController.Post (Identityserver)" in 366.2616ms
2023-09-19T14:20:24.8608140+03:30 [INF] (Microsoft.AspNetCore.Routing.EndpointMiddleware) Executed endpoint '"Identityserver.Controller.UserController.Post (Identityserver)"'
2023-09-19T14:20:24.8706899+03:30 [INF] (Microsoft.AspNetCore.Mvc.Infrastructure.ObjectResultExecutor) Executing "ObjectResult", writing value of type '"AutoWrapper.Models.ApiProblemDetails"'.
2023-09-19T14:20:24.8832423+03:30 [INF] (AutoWrapper.AutoWrapperMiddleware) Source:[::1] Request: POST http localhost:5239/Api/V1/Users  {
  "userName": "alireza",
  "email": "alireza@gmail.com",
  "emailConfirmed": true,
  "phoneNumber": "09934934984",
  "phoneNumberConfirmed": false,
  "lockoutEnabled": false,
  "twoFactorEnabled": true,
  "accessFailedCount": 0,
  "lockoutEnd": "2023-09-19T08:26:09.234Z"
} Responded with [500] in 409ms
2023-09-19T14:20:24.8902168+03:30 [INF] (Microsoft.AspNetCore.Hosting.Diagnostics) Request finished HTTP/1.1 POST http://localhost:5239/Api/V1/Users application/json 275 - 500 - application/problem+json;+charset=utf-8 438.6151ms
2023-09-19T14:20:32.1892790+03:30 [INF] (Microsoft.Hosting.Lifetime) Application is shutting down...
2023-09-19T14:20:32.2027037+03:30 [INF] () Shut down complete
2023-09-19T14:20:42.7739183+03:30 [INF] () Shut down complete
2023-09-19T14:21:00.1291222+03:30 [INF] (Duende.IdentityServer.Startup) Starting Duende IdentityServer version "6.3.3+4b4117844553d1ce52966e37734f2b7cd285de89" (".NET 7.0.11")
2023-09-19T14:21:00.2292407+03:30 [INF] (Duende.IdentityServer.Startup) Using the default authentication scheme "idsrv" for IdentityServer
2023-09-19T14:21:00.2838549+03:30 [INF] (Microsoft.AspNetCore.DataProtection.KeyManagement.XmlKeyManager) User profile is available. Using '"C:\Users\a.norozi\AppData\Local\ASP.NET\DataProtection-Keys"' as key repository and Windows DPAPI to encrypt keys at rest.
2023-09-19T14:21:00.3240703+03:30 [INF] (Microsoft.Hosting.Lifetime) Now listening on: "http://localhost:5239"
2023-09-19T14:21:00.3257976+03:30 [INF] (Microsoft.Hosting.Lifetime) Application started. Press Ctrl+C to shut down.
2023-09-19T14:21:00.3262447+03:30 [INF] (Microsoft.Hosting.Lifetime) Hosting environment: "Development"
2023-09-19T14:21:00.3267115+03:30 [INF] (Microsoft.Hosting.Lifetime) Content root path: "C:\Users\a.norozi\RiderProjects\Identityserver\Identityserver"
2023-09-19T14:21:00.7416303+03:30 [INF] (Microsoft.AspNetCore.Hosting.Diagnostics) Request starting HTTP/1.1 GET http://localhost:5239/swagger/index.html - -
2023-09-19T14:21:00.8366865+03:30 [INF] (Microsoft.AspNetCore.Hosting.Diagnostics) Request finished HTTP/1.1 GET http://localhost:5239/swagger/index.html - - - 200 - text/html;charset=utf-8 96.0789ms
2023-09-19T14:21:00.9102048+03:30 [INF] (Microsoft.AspNetCore.Hosting.Diagnostics) Request starting HTTP/1.1 GET http://localhost:5239/swagger/v1/swagger.json - -
2023-09-19T14:21:00.9642685+03:30 [INF] (Microsoft.AspNetCore.Hosting.Diagnostics) Request finished HTTP/1.1 GET http://localhost:5239/swagger/v1/swagger.json - - - 200 - application/json;charset=utf-8 54.0686ms
2023-09-19T14:21:10.9275811+03:30 [INF] (Microsoft.AspNetCore.Hosting.Diagnostics) Request starting HTTP/1.1 POST http://localhost:5239/Api/V1/Users application/json 275
2023-09-19T14:21:10.9359976+03:30 [INF] (Microsoft.AspNetCore.Cors.Infrastructure.CorsMiddleware) No CORS policy found for the specified request.
2023-09-19T14:21:10.9527899+03:30 [INF] (Microsoft.AspNetCore.Routing.EndpointMiddleware) Executing endpoint '"Identityserver.Controller.UserController.Post (Identityserver)"'
2023-09-19T14:21:10.9627534+03:30 [INF] (Microsoft.AspNetCore.Mvc.Infrastructure.ControllerActionInvoker) Route matched with "{action = \"Post\", controller = \"User\"}". Executing controller action with signature "System.Threading.Tasks.Task`1[Microsoft.AspNetCore.Mvc.ActionResult`1[DataAccess.RequestModel.UsersDto]] Post(DataAccess.RequestModel.UsersDto)" on controller "Identityserver.Controller.UserController" ("Identityserver").
2023-09-19T14:21:11.3110237+03:30 [INF] (Microsoft.EntityFrameworkCore.Database.Command) Executed DbCommand ("13"ms) [Parameters=["@p0='?' (Size = 36), @p1='?' (DbType = Int32), @p2='?' (Size = 17), @p3='?' (DbType = Boolean), @p4='?' (DbType = Boolean), @p5='?' (DbType = Boolean), @p6='?' (DbType = DateTimeOffset), @p7='?' (Size = 11), @p8='?' (DbType = Boolean), @p9='?' (DbType = Boolean), @p10='?' (Size = 7)"], CommandType='Text', CommandTimeout='30']"
""INSERT INTO \"IdentityUsers\" (\"Id\", \"AccessFailedCount\", \"Email\", \"EmailConfirmed\", \"Enabled\", \"LockoutEnabled\", \"LockoutEnd\", \"PhoneNumber\", \"PhoneNumberConfirmed\", \"TwoFactorEnabled\", \"UserName\")
VALUES (@p0, @p1, @p2, @p3, @p4, @p5, @p6, @p7, @p8, @p9, @p10);"
2023-09-19T14:21:11.3364782+03:30 [INF] (Microsoft.AspNetCore.Mvc.Infrastructure.ObjectResultExecutor) Executing "OkObjectResult", writing value of type '"System.String"'.
2023-09-19T14:21:11.3395859+03:30 [INF] (Microsoft.AspNetCore.Mvc.Infrastructure.ControllerActionInvoker) Executed action "Identityserver.Controller.UserController.Post (Identityserver)" in 369.8483ms
2023-09-19T14:21:11.3402775+03:30 [INF] (Microsoft.AspNetCore.Routing.EndpointMiddleware) Executed endpoint '"Identityserver.Controller.UserController.Post (Identityserver)"'
2023-09-19T14:21:11.3502113+03:30 [INF] (AutoWrapper.AutoWrapperMiddleware) Source:[::1] Request: POST http localhost:5239/Api/V1/Users  {
  "userName": "alireza",
  "email": "alireza@gmail.com",
  "emailConfirmed": true,
  "phoneNumber": "09934934984",
  "phoneNumberConfirmed": false,
  "lockoutEnabled": false,
  "twoFactorEnabled": true,
  "accessFailedCount": 0,
  "lockoutEnd": "2023-09-19T08:26:09.234Z"
} Responded with [200] in 400ms
2023-09-19T14:21:11.3566934+03:30 [INF] (Microsoft.AspNetCore.Hosting.Diagnostics) Request finished HTTP/1.1 POST http://localhost:5239/Api/V1/Users application/json 275 - 200 120 application/json 429.1175ms
2023-09-19T14:29:27.1309254+03:30 [INF] (Microsoft.Hosting.Lifetime) Application is shutting down...
2023-09-19T14:29:27.1380807+03:30 [INF] () Shut down complete
2023-09-19T15:27:12.7828858+03:30 [INF] () Shut down complete
2023-09-19T15:27:30.5967217+03:30 [INF] () Shut down complete
2023-09-19T15:28:43.4838078+03:30 [INF] () Shut down complete
2023-09-19T15:47:35.8264825+03:30 [INF] () Shut down complete
2023-09-19T15:48:00.0507682+03:30 [INF] () Shut down complete
2023-09-19T15:49:04.2837776+03:30 [INF] () Shut down complete
2023-09-19T15:49:26.0486832+03:30 [INF] () Shut down complete
2023-09-19T15:49:45.1015347+03:30 [INF] () Shut down complete
2023-09-19T15:51:23.9254350+03:30 [INF] () Shut down complete
2023-09-19T15:51:50.4609353+03:30 [INF] () Shut down complete
2023-09-19T15:52:26.5499527+03:30 [INF] () Shut down complete
2023-09-19T15:52:59.6025237+03:30 [INF] () Shut down complete
2023-09-19T15:53:24.4639466+03:30 [INF] (Duende.IdentityServer.Startup) Starting Duende IdentityServer version "6.3.3+4b4117844553d1ce52966e37734f2b7cd285de89" (".NET 7.0.11")
2023-09-19T15:53:24.5637763+03:30 [INF] (Duende.IdentityServer.Startup) Using the default authentication scheme "idsrv" for IdentityServer
2023-09-19T15:53:24.6190108+03:30 [INF] (Microsoft.AspNetCore.DataProtection.KeyManagement.XmlKeyManager) User profile is available. Using '"C:\Users\a.norozi\AppData\Local\ASP.NET\DataProtection-Keys"' as key repository and Windows DPAPI to encrypt keys at rest.
2023-09-19T15:53:24.6597842+03:30 [INF] (Microsoft.Hosting.Lifetime) Now listening on: "http://localhost:5239"
2023-09-19T15:53:24.6609418+03:30 [INF] (Microsoft.Hosting.Lifetime) Application started. Press Ctrl+C to shut down.
2023-09-19T15:53:24.6614700+03:30 [INF] (Microsoft.Hosting.Lifetime) Hosting environment: "Development"
2023-09-19T15:53:24.6619318+03:30 [INF] (Microsoft.Hosting.Lifetime) Content root path: "C:\Users\a.norozi\RiderProjects\Identityserver\Identityserver"
2023-09-19T15:53:25.0538011+03:30 [INF] (Microsoft.AspNetCore.Hosting.Diagnostics) Request starting HTTP/1.1 GET http://localhost:5239/swagger/index.html - -
2023-09-19T15:53:25.1409981+03:30 [INF] (Microsoft.AspNetCore.Hosting.Diagnostics) Request finished HTTP/1.1 GET http://localhost:5239/swagger/index.html - - - 200 - text/html;charset=utf-8 88.2501ms
2023-09-19T15:53:25.2163828+03:30 [INF] (Microsoft.AspNetCore.Hosting.Diagnostics) Request starting HTTP/1.1 GET http://localhost:5239/swagger/v1/swagger.json - -
2023-09-19T15:53:25.2718342+03:30 [INF] (Microsoft.AspNetCore.Hosting.Diagnostics) Request finished HTTP/1.1 GET http://localhost:5239/swagger/v1/swagger.json - - - 200 - application/json;charset=utf-8 55.4572ms
2023-09-19T15:53:37.5133774+03:30 [INF] (Microsoft.AspNetCore.Hosting.Diagnostics) Request starting HTTP/1.1 POST http://localhost:5239/Api/V1/Users application/json 275
2023-09-19T15:53:37.5212199+03:30 [INF] (Microsoft.AspNetCore.Cors.Infrastructure.CorsMiddleware) No CORS policy found for the specified request.
2023-09-19T15:53:37.5374535+03:30 [INF] (Microsoft.AspNetCore.Routing.EndpointMiddleware) Executing endpoint '"Identityserver.Controller.UserController.Post (Identityserver)"'
2023-09-19T15:53:37.5474182+03:30 [INF] (Microsoft.AspNetCore.Mvc.Infrastructure.ControllerActionInvoker) Route matched with "{action = \"Post\", controller = \"User\"}". Executing controller action with signature "System.Threading.Tasks.Task`1[Microsoft.AspNetCore.Mvc.ActionResult`1[DataAccess.RequestModel.UsersDto]] Post(DataAccess.RequestModel.UsersDto)" on controller "Identityserver.Controller.UserController" ("Identityserver").
2023-09-19T15:53:37.8920872+03:30 [INF] (Microsoft.EntityFrameworkCore.Database.Command) Executed DbCommand ("17"ms) [Parameters=["@p0='?' (Size = 36), @p1='?' (DbType = Int32), @p2='?' (Size = 36), @p3='?' (Size = 17), @p4='?' (DbType = Boolean), @p5='?' (DbType = Boolean), @p6='?' (DbType = Boolean), @p7='?' (DbType = DateTimeOffset), @p8='?' (Size = 11), @p9='?' (DbType = Boolean), @p10='?' (Size = 36), @p11='?' (DbType = Boolean), @p12='?' (Size = 7)"], CommandType='Text', CommandTimeout='30']"
""INSERT INTO \"IdentityUsers\" (\"Id\", \"AccessFailedCount\", \"ConcurrencyStamp\", \"Email\", \"EmailConfirmed\", \"Enabled\", \"LockoutEnabled\", \"LockoutEnd\", \"PhoneNumber\", \"PhoneNumberConfirmed\", \"SecurityStamp\", \"TwoFactorEnabled\", \"UserName\")
VALUES (@p0, @p1, @p2, @p3, @p4, @p5, @p6, @p7, @p8, @p9, @p10, @p11, @p12);"
2023-09-19T15:53:37.9163304+03:30 [INF] (Microsoft.AspNetCore.Mvc.Infrastructure.ObjectResultExecutor) Executing "OkObjectResult", writing value of type '"System.String"'.
2023-09-19T15:53:37.9193178+03:30 [INF] (Microsoft.AspNetCore.Mvc.Infrastructure.ControllerActionInvoker) Executed action "Identityserver.Controller.UserController.Post (Identityserver)" in 365.3426ms
2023-09-19T15:53:37.9199982+03:30 [INF] (Microsoft.AspNetCore.Routing.EndpointMiddleware) Executed endpoint '"Identityserver.Controller.UserController.Post (Identityserver)"'
2023-09-19T15:53:37.9304571+03:30 [INF] (AutoWrapper.AutoWrapperMiddleware) Source:[::1] Request: POST http localhost:5239/Api/V1/Users  {
  "userName": "alireza",
  "email": "alireza@gmail.com",
  "emailConfirmed": true,
  "phoneNumber": "09934934984",
  "phoneNumberConfirmed": false,
  "lockoutEnabled": false,
  "twoFactorEnabled": true,
  "accessFailedCount": 0,
  "lockoutEnd": "2023-09-19T08:26:09.234Z"
} Responded with [200] in 395ms
2023-09-19T15:53:37.9367063+03:30 [INF] (Microsoft.AspNetCore.Hosting.Diagnostics) Request finished HTTP/1.1 POST http://localhost:5239/Api/V1/Users application/json 275 - 200 120 application/json 423.3360ms
2023-09-19T16:02:44.1089880+03:30 [INF] (Microsoft.Hosting.Lifetime) Application is shutting down...
2023-09-19T16:02:44.1179076+03:30 [INF] () Shut down complete
