2023-10-02T08:51:09.3411834+03:30 [WRN] (Duende.License) You do not have a valid license key for the Duende software. This is allowed for development and testing scenarios. If you are running in production you are required to have a licensed version. Please start a conversation with us: https://duendesoftware.com/contact
2023-10-02T08:51:37.3794027+03:30 [WRN] (Microsoft.AspNetCore.HttpsPolicy.HttpsRedirectionMiddleware) Failed to determine the https port for redirect.
2023-10-02T08:56:15.1819703+03:30 [WRN] (Duende.License) You do not have a valid license key for the Duende software. This is allowed for development and testing scenarios. If you are running in production you are required to have a licensed version. Please start a conversation with us: https://duendesoftware.com/contact
2023-10-02T08:56:46.2184529+03:30 [WRN] (Microsoft.AspNetCore.HttpsPolicy.HttpsRedirectionMiddleware) Failed to determine the https port for redirect.
2023-10-02T09:01:01.4453781+03:30 [WRN] (Duende.License) You do not have a valid license key for the Duende software. This is allowed for development and testing scenarios. If you are running in production you are required to have a licensed version. Please start a conversation with us: https://duendesoftware.com/contact
2023-10-02T09:02:35.6200872+03:30 [WRN] (Duende.License) You do not have a valid license key for the Duende software. This is allowed for development and testing scenarios. If you are running in production you are required to have a licensed version. Please start a conversation with us: https://duendesoftware.com/contact
2023-10-02T09:03:16.4114675+03:30 [WRN] (Microsoft.AspNetCore.HttpsPolicy.HttpsRedirectionMiddleware) Failed to determine the https port for redirect.
2023-10-02T09:32:48.2392024+03:30 [FTL] () Unhandled exception
Microsoft.Extensions.Hosting.HostAbortedException: The host was aborted.
   at Microsoft.Extensions.Hosting.HostFactoryResolver.HostingListener.ThrowHostAborted()
   at Microsoft.Extensions.Hosting.HostFactoryResolver.HostingListener.OnNext(KeyValuePair`2 value)
   at System.Diagnostics.DiagnosticListener.Write(String name, Object value)
   at Microsoft.Extensions.Hosting.HostBuilder.ResolveHost(IServiceProvider serviceProvider, DiagnosticListener diagnosticListener)
   at Microsoft.Extensions.Hosting.HostApplicationBuilder.Build()
   at Microsoft.AspNetCore.Builder.WebApplicationBuilder.Build()
   at Program.<Main>$(String[] args) in C:\Users\a.norozi\RiderProjects\Identityserver\Identityserver\Program.cs:line 17
2023-10-02T09:33:13.7505117+03:30 [FTL] () Unhandled exception
Microsoft.Extensions.Hosting.HostAbortedException: The host was aborted.
   at Microsoft.Extensions.Hosting.HostFactoryResolver.HostingListener.ThrowHostAborted()
   at Microsoft.Extensions.Hosting.HostFactoryResolver.HostingListener.OnNext(KeyValuePair`2 value)
   at System.Diagnostics.DiagnosticListener.Write(String name, Object value)
   at Microsoft.Extensions.Hosting.HostBuilder.ResolveHost(IServiceProvider serviceProvider, DiagnosticListener diagnosticListener)
   at Microsoft.Extensions.Hosting.HostApplicationBuilder.Build()
   at Microsoft.AspNetCore.Builder.WebApplicationBuilder.Build()
   at Program.<Main>$(String[] args) in C:\Users\a.norozi\RiderProjects\Identityserver\Identityserver\Program.cs:line 17
2023-10-02T09:34:27.9121633+03:30 [WRN] (Duende.License) You do not have a valid license key for the Duende software. This is allowed for development and testing scenarios. If you are running in production you are required to have a licensed version. Please start a conversation with us: https://duendesoftware.com/contact
2023-10-02T09:35:08.8756244+03:30 [WRN] (Microsoft.AspNetCore.HttpsPolicy.HttpsRedirectionMiddleware) Failed to determine the https port for redirect.
2023-10-02T09:38:46.6112091+03:30 [FTL] () Unhandled exception
Microsoft.Extensions.Hosting.HostAbortedException: The host was aborted.
   at Microsoft.Extensions.Hosting.HostFactoryResolver.HostingListener.ThrowHostAborted()
   at Microsoft.Extensions.Hosting.HostFactoryResolver.HostingListener.OnNext(KeyValuePair`2 value)
   at System.Diagnostics.DiagnosticListener.Write(String name, Object value)
   at Microsoft.Extensions.Hosting.HostBuilder.ResolveHost(IServiceProvider serviceProvider, DiagnosticListener diagnosticListener)
   at Microsoft.Extensions.Hosting.HostApplicationBuilder.Build()
   at Microsoft.AspNetCore.Builder.WebApplicationBuilder.Build()
   at Program.<Main>$(String[] args) in C:\Users\a.norozi\RiderProjects\Identityserver\Identityserver\Program.cs:line 17
2023-10-02T09:39:10.3555749+03:30 [FTL] () Unhandled exception
Microsoft.Extensions.Hosting.HostAbortedException: The host was aborted.
   at Microsoft.Extensions.Hosting.HostFactoryResolver.HostingListener.ThrowHostAborted()
   at Microsoft.Extensions.Hosting.HostFactoryResolver.HostingListener.OnNext(KeyValuePair`2 value)
   at System.Diagnostics.DiagnosticListener.Write(String name, Object value)
   at Microsoft.Extensions.Hosting.HostBuilder.ResolveHost(IServiceProvider serviceProvider, DiagnosticListener diagnosticListener)
   at Microsoft.Extensions.Hosting.HostApplicationBuilder.Build()
   at Microsoft.AspNetCore.Builder.WebApplicationBuilder.Build()
   at Program.<Main>$(String[] args) in C:\Users\a.norozi\RiderProjects\Identityserver\Identityserver\Program.cs:line 17
2023-10-02T09:39:39.8507146+03:30 [FTL] () Unhandled exception
Microsoft.Extensions.Hosting.HostAbortedException: The host was aborted.
   at Microsoft.Extensions.Hosting.HostFactoryResolver.HostingListener.ThrowHostAborted()
   at Microsoft.Extensions.Hosting.HostFactoryResolver.HostingListener.OnNext(KeyValuePair`2 value)
   at System.Diagnostics.DiagnosticListener.Write(String name, Object value)
   at Microsoft.Extensions.Hosting.HostBuilder.ResolveHost(IServiceProvider serviceProvider, DiagnosticListener diagnosticListener)
   at Microsoft.Extensions.Hosting.HostApplicationBuilder.Build()
   at Microsoft.AspNetCore.Builder.WebApplicationBuilder.Build()
   at Program.<Main>$(String[] args) in C:\Users\a.norozi\RiderProjects\Identityserver\Identityserver\Program.cs:line 17
2023-10-02T09:40:10.1596764+03:30 [FTL] () Unhandled exception
Microsoft.Extensions.Hosting.HostAbortedException: The host was aborted.
   at Microsoft.Extensions.Hosting.HostFactoryResolver.HostingListener.ThrowHostAborted()
   at Microsoft.Extensions.Hosting.HostFactoryResolver.HostingListener.OnNext(KeyValuePair`2 value)
   at System.Diagnostics.DiagnosticListener.Write(String name, Object value)
   at Microsoft.Extensions.Hosting.HostBuilder.ResolveHost(IServiceProvider serviceProvider, DiagnosticListener diagnosticListener)
   at Microsoft.Extensions.Hosting.HostApplicationBuilder.Build()
   at Microsoft.AspNetCore.Builder.WebApplicationBuilder.Build()
   at Program.<Main>$(String[] args) in C:\Users\a.norozi\RiderProjects\Identityserver\Identityserver\Program.cs:line 17
2023-10-02T09:41:18.4946493+03:30 [FTL] () Unhandled exception
Microsoft.Extensions.Hosting.HostAbortedException: The host was aborted.
   at Microsoft.Extensions.Hosting.HostFactoryResolver.HostingListener.ThrowHostAborted()
   at Microsoft.Extensions.Hosting.HostFactoryResolver.HostingListener.OnNext(KeyValuePair`2 value)
   at System.Diagnostics.DiagnosticListener.Write(String name, Object value)
   at Microsoft.Extensions.Hosting.HostBuilder.ResolveHost(IServiceProvider serviceProvider, DiagnosticListener diagnosticListener)
   at Microsoft.Extensions.Hosting.HostApplicationBuilder.Build()
   at Microsoft.AspNetCore.Builder.WebApplicationBuilder.Build()
   at Program.<Main>$(String[] args) in C:\Users\a.norozi\RiderProjects\Identityserver\Identityserver\Program.cs:line 17
2023-10-02T09:45:23.8131257+03:30 [FTL] () Unhandled exception
Microsoft.Extensions.Hosting.HostAbortedException: The host was aborted.
   at Microsoft.Extensions.Hosting.HostFactoryResolver.HostingListener.ThrowHostAborted()
   at Microsoft.Extensions.Hosting.HostFactoryResolver.HostingListener.OnNext(KeyValuePair`2 value)
   at System.Diagnostics.DiagnosticListener.Write(String name, Object value)
   at Microsoft.Extensions.Hosting.HostBuilder.ResolveHost(IServiceProvider serviceProvider, DiagnosticListener diagnosticListener)
   at Microsoft.Extensions.Hosting.HostApplicationBuilder.Build()
   at Microsoft.AspNetCore.Builder.WebApplicationBuilder.Build()
   at Program.<Main>$(String[] args) in C:\Users\a.norozi\RiderProjects\Identityserver\Identityserver\Program.cs:line 17
2023-10-02T09:45:48.8991797+03:30 [FTL] () Unhandled exception
Microsoft.Extensions.Hosting.HostAbortedException: The host was aborted.
   at Microsoft.Extensions.Hosting.HostFactoryResolver.HostingListener.ThrowHostAborted()
   at Microsoft.Extensions.Hosting.HostFactoryResolver.HostingListener.OnNext(KeyValuePair`2 value)
   at System.Diagnostics.DiagnosticListener.Write(String name, Object value)
   at Microsoft.Extensions.Hosting.HostBuilder.ResolveHost(IServiceProvider serviceProvider, DiagnosticListener diagnosticListener)
   at Microsoft.Extensions.Hosting.HostApplicationBuilder.Build()
   at Microsoft.AspNetCore.Builder.WebApplicationBuilder.Build()
   at Program.<Main>$(String[] args) in C:\Users\a.norozi\RiderProjects\Identityserver\Identityserver\Program.cs:line 17
2023-10-02T09:52:17.3726892+03:30 [FTL] () Unhandled exception
Microsoft.Extensions.Hosting.HostAbortedException: The host was aborted.
   at Microsoft.Extensions.Hosting.HostFactoryResolver.HostingListener.ThrowHostAborted()
   at Microsoft.Extensions.Hosting.HostFactoryResolver.HostingListener.OnNext(KeyValuePair`2 value)
   at System.Diagnostics.DiagnosticListener.Write(String name, Object value)
   at Microsoft.Extensions.Hosting.HostBuilder.ResolveHost(IServiceProvider serviceProvider, DiagnosticListener diagnosticListener)
   at Microsoft.Extensions.Hosting.HostApplicationBuilder.Build()
   at Microsoft.AspNetCore.Builder.WebApplicationBuilder.Build()
   at Program.<Main>$(String[] args) in C:\Users\a.norozi\RiderProjects\Identityserver\Identityserver\Program.cs:line 17
2023-10-02T09:52:32.4955342+03:30 [FTL] () Unhandled exception
Microsoft.Extensions.Hosting.HostAbortedException: The host was aborted.
   at Microsoft.Extensions.Hosting.HostFactoryResolver.HostingListener.ThrowHostAborted()
   at Microsoft.Extensions.Hosting.HostFactoryResolver.HostingListener.OnNext(KeyValuePair`2 value)
   at System.Diagnostics.DiagnosticListener.Write(String name, Object value)
   at Microsoft.Extensions.Hosting.HostBuilder.ResolveHost(IServiceProvider serviceProvider, DiagnosticListener diagnosticListener)
   at Microsoft.Extensions.Hosting.HostApplicationBuilder.Build()
   at Microsoft.AspNetCore.Builder.WebApplicationBuilder.Build()
   at Program.<Main>$(String[] args) in C:\Users\a.norozi\RiderProjects\Identityserver\Identityserver\Program.cs:line 17
2023-10-02T09:53:14.8523099+03:30 [FTL] () Unhandled exception
Microsoft.Extensions.Hosting.HostAbortedException: The host was aborted.
   at Microsoft.Extensions.Hosting.HostFactoryResolver.HostingListener.ThrowHostAborted()
   at Microsoft.Extensions.Hosting.HostFactoryResolver.HostingListener.OnNext(KeyValuePair`2 value)
   at System.Diagnostics.DiagnosticListener.Write(String name, Object value)
   at Microsoft.Extensions.Hosting.HostBuilder.ResolveHost(IServiceProvider serviceProvider, DiagnosticListener diagnosticListener)
   at Microsoft.Extensions.Hosting.HostApplicationBuilder.Build()
   at Microsoft.AspNetCore.Builder.WebApplicationBuilder.Build()
   at Program.<Main>$(String[] args) in C:\Users\a.norozi\RiderProjects\Identityserver\Identityserver\Program.cs:line 17
2023-10-02T11:33:59.3787939+03:30 [WRN] (Duende.License) You do not have a valid license key for the Duende software. This is allowed for development and testing scenarios. If you are running in production you are required to have a licensed version. Please start a conversation with us: https://duendesoftware.com/contact
2023-10-02T11:34:17.9919294+03:30 [FTL] () Unhandled exception
Microsoft.Extensions.Hosting.HostAbortedException: The host was aborted.
   at Microsoft.Extensions.Hosting.HostFactoryResolver.HostingListener.ThrowHostAborted()
   at Microsoft.Extensions.Hosting.HostFactoryResolver.HostingListener.OnNext(KeyValuePair`2 value)
   at System.Diagnostics.DiagnosticListener.Write(String name, Object value)
   at Microsoft.Extensions.Hosting.HostBuilder.ResolveHost(IServiceProvider serviceProvider, DiagnosticListener diagnosticListener)
   at Microsoft.Extensions.Hosting.HostApplicationBuilder.Build()
   at Microsoft.AspNetCore.Builder.WebApplicationBuilder.Build()
   at Program.<Main>$(String[] args) in C:\Users\a.norozi\RiderProjects\Identityserver\Identityserver\Program.cs:line 17
2023-10-02T11:34:44.0611759+03:30 [FTL] () Unhandled exception
Microsoft.Extensions.Hosting.HostAbortedException: The host was aborted.
   at Microsoft.Extensions.Hosting.HostFactoryResolver.HostingListener.ThrowHostAborted()
   at Microsoft.Extensions.Hosting.HostFactoryResolver.HostingListener.OnNext(KeyValuePair`2 value)
   at System.Diagnostics.DiagnosticListener.Write(String name, Object value)
   at Microsoft.Extensions.Hosting.HostBuilder.ResolveHost(IServiceProvider serviceProvider, DiagnosticListener diagnosticListener)
   at Microsoft.Extensions.Hosting.HostApplicationBuilder.Build()
   at Microsoft.AspNetCore.Builder.WebApplicationBuilder.Build()
   at Program.<Main>$(String[] args) in C:\Users\a.norozi\RiderProjects\Identityserver\Identityserver\Program.cs:line 17
2023-10-02T11:35:51.4111206+03:30 [WRN] (Duende.License) You do not have a valid license key for the Duende software. This is allowed for development and testing scenarios. If you are running in production you are required to have a licensed version. Please start a conversation with us: https://duendesoftware.com/contact
2023-10-02T11:36:13.0164365+03:30 [WRN] (Microsoft.AspNetCore.HttpsPolicy.HttpsRedirectionMiddleware) Failed to determine the https port for redirect.
2023-10-02T11:37:54.7440741+03:30 [WRN] (Duende.License) You do not have a valid license key for the Duende software. This is allowed for development and testing scenarios. If you are running in production you are required to have a licensed version. Please start a conversation with us: https://duendesoftware.com/contact
2023-10-02T11:37:59.8502637+03:30 [WRN] (Microsoft.AspNetCore.HttpsPolicy.HttpsRedirectionMiddleware) Failed to determine the https port for redirect.
2023-10-02T17:59:06.1592643+03:30 [WRN] (Duende.License) You do not have a valid license key for the Duende software. This is allowed for development and testing scenarios. If you are running in production you are required to have a licensed version. Please start a conversation with us: https://duendesoftware.com/contact
2023-10-02T17:59:43.5626561+03:30 [WRN] (Microsoft.AspNetCore.HttpsPolicy.HttpsRedirectionMiddleware) Failed to determine the https port for redirect.
2023-10-02T18:03:53.2503837+03:30 [WRN] (Duende.License) You do not have a valid license key for the Duende software. This is allowed for development and testing scenarios. If you are running in production you are required to have a licensed version. Please start a conversation with us: https://duendesoftware.com/contact
2023-10-02T18:03:58.3058465+03:30 [WRN] (Microsoft.AspNetCore.HttpsPolicy.HttpsRedirectionMiddleware) Failed to determine the https port for redirect.
2023-10-02T18:37:05.5318698+03:30 [WRN] (Duende.License) You do not have a valid license key for the Duende software. This is allowed for development and testing scenarios. If you are running in production you are required to have a licensed version. Please start a conversation with us: https://duendesoftware.com/contact
2023-10-02T18:37:09.2314988+03:30 [WRN] (Microsoft.AspNetCore.HttpsPolicy.HttpsRedirectionMiddleware) Failed to determine the https port for redirect.
2023-10-02T19:15:55.6658893+03:30 [WRN] (Duende.License) You do not have a valid license key for the Duende software. This is allowed for development and testing scenarios. If you are running in production you are required to have a licensed version. Please start a conversation with us: https://duendesoftware.com/contact
2023-10-02T19:16:06.1400600+03:30 [WRN] (Microsoft.AspNetCore.HttpsPolicy.HttpsRedirectionMiddleware) Failed to determine the https port for redirect.
2023-10-02T19:16:06.1778768+03:30 [ERR] (AutoWrapper.AutoWrapperMiddleware) [500]: Unable to resolve service for type 'BusinessRule.Services.IAuthorizeService' while attempting to activate 'Identityserver.Controller.AuthorizeController'.
System.InvalidOperationException: Unable to resolve service for type 'BusinessRule.Services.IAuthorizeService' while attempting to activate 'Identityserver.Controller.AuthorizeController'.
   at Microsoft.Extensions.DependencyInjection.ActivatorUtilities.GetService(IServiceProvider sp, Type type, Type requiredBy, Boolean isDefaultParameterRequired)
   at lambda_method25(Closure, IServiceProvider, Object[])
   at Microsoft.AspNetCore.Mvc.Controllers.ControllerFactoryProvider.<>c__DisplayClass6_0.<CreateControllerFactory>g__CreateController|0(ControllerContext controllerContext)
   at Microsoft.AspNetCore.Mvc.Infrastructure.ControllerActionInvoker.Next(State& next, Scope& scope, Object& state, Boolean& isCompleted)
   at Microsoft.AspNetCore.Mvc.Infrastructure.ControllerActionInvoker.InvokeInnerFilterAsync()
--- End of stack trace from previous location ---
   at Microsoft.AspNetCore.Mvc.Infrastructure.ResourceInvoker.<InvokeFilterPipelineAsync>g__Awaited|20_0(ResourceInvoker invoker, Task lastTask, State next, Scope scope, Object state, Boolean isCompleted)
   at Microsoft.AspNetCore.Mvc.Infrastructure.ResourceInvoker.<InvokeAsync>g__Logged|17_1(ResourceInvoker invoker)
   at Microsoft.AspNetCore.Mvc.Infrastructure.ResourceInvoker.<InvokeAsync>g__Logged|17_1(ResourceInvoker invoker)
   at Microsoft.AspNetCore.Routing.EndpointMiddleware.<Invoke>g__AwaitRequestTask|6_0(Endpoint endpoint, Task requestTask, ILogger logger)
   at Microsoft.AspNetCore.Authorization.AuthorizationMiddleware.Invoke(HttpContext context)
   at Microsoft.AspNetCore.Authentication.AuthenticationMiddleware.Invoke(HttpContext context)
   at AutoWrapper.Base.AutoWrapperBase.InvokeNextAsync(HttpContext context, ApiRequestHandler requestHandler)
2023-10-02T19:16:52.4797697+03:30 [WRN] (Duende.License) You do not have a valid license key for the Duende software. This is allowed for development and testing scenarios. If you are running in production you are required to have a licensed version. Please start a conversation with us: https://duendesoftware.com/contact
2023-10-02T19:16:56.6750178+03:30 [WRN] (Microsoft.AspNetCore.HttpsPolicy.HttpsRedirectionMiddleware) Failed to determine the https port for redirect.
2023-10-02T19:24:20.3938438+03:30 [WRN] (Duende.License) You do not have a valid license key for the Duende software. This is allowed for development and testing scenarios. If you are running in production you are required to have a licensed version. Please start a conversation with us: https://duendesoftware.com/contact
2023-10-02T19:27:56.1506883+03:30 [WRN] (Duende.License) You do not have a valid license key for the Duende software. This is allowed for development and testing scenarios. If you are running in production you are required to have a licensed version. Please start a conversation with us: https://duendesoftware.com/contact
2023-10-02T19:28:02.6234430+03:30 [WRN] (Microsoft.AspNetCore.HttpsPolicy.HttpsRedirectionMiddleware) Failed to determine the https port for redirect.
2023-10-02T19:28:27.0929409+03:30 [ERR] (AutoWrapper.AutoWrapperMiddleware) [404]:  : UserNotFound
Type    : 
Title   : UserNotFound
Status  : 404
Detail  : 
Instance: /Api/V1/authorize

2023-10-02T19:28:50.3228718+03:30 [ERR] (AutoWrapper.AutoWrapperMiddleware) [404]:  : UserNotFound
Type    : 
Title   : UserNotFound
Status  : 404
Detail  : 
Instance: /Api/V1/authorize

2023-10-02T19:32:43.6793181+03:30 [WRN] (Duende.License) You do not have a valid license key for the Duende software. This is allowed for development and testing scenarios. If you are running in production you are required to have a licensed version. Please start a conversation with us: https://duendesoftware.com/contact
2023-10-02T19:32:49.0843658+03:30 [WRN] (Microsoft.AspNetCore.HttpsPolicy.HttpsRedirectionMiddleware) Failed to determine the https port for redirect.
2023-10-02T19:34:04.7950531+03:30 [ERR] (AutoWrapper.AutoWrapperMiddleware) [404]:  : UserNotFound
Type    : 
Title   : UserNotFound
Status  : 404
Detail  : 
Instance: /Api/V1/authorize

2023-10-02T19:35:54.3487755+03:30 [ERR] (AutoWrapper.AutoWrapperMiddleware) [404]:  : UserNotFound
Type    : 
Title   : UserNotFound
Status  : 404
Detail  : 
Instance: /Api/V1/authorize

2023-10-02T19:44:14.0913516+03:30 [WRN] (Duende.License) You do not have a valid license key for the Duende software. This is allowed for development and testing scenarios. If you are running in production you are required to have a licensed version. Please start a conversation with us: https://duendesoftware.com/contact
2023-10-02T19:44:27.2227684+03:30 [WRN] (Microsoft.AspNetCore.HttpsPolicy.HttpsRedirectionMiddleware) Failed to determine the https port for redirect.
2023-10-02T20:18:06.5864775+03:30 [WRN] (Duende.License) You do not have a valid license key for the Duende software. This is allowed for development and testing scenarios. If you are running in production you are required to have a licensed version. Please start a conversation with us: https://duendesoftware.com/contact
2023-10-02T20:20:14.2079711+03:30 [WRN] (Microsoft.AspNetCore.HttpsPolicy.HttpsRedirectionMiddleware) Failed to determine the https port for redirect.
